[    0.0000] Iniiazing grp subsy cset
  0.00000] italizin coup subs pu
  0.0000 Iitliing cgrop ubsyscpcct
[   00000]Lix ersion4.0-87enric (buddlcy0131(gc verio5..0 21609(Ubutu.4.0-6ubun1~16.04)) #1-Untu SMPTu Jl 18 2:5:5 TC 2017 Ubnt 44.0-87.110-generic 4.4.73)
[   .0000] Comad in: BOOT_IMAGE=/boot/vmlinuz-4..087geeric root=LABE=couimg-rootfs rocosoe=ty1 cnse=tyS0[    .0000] KERNEL supord cpus:
[    0.0000]   InelGenuinete
[   000000  MDAuthenticAMD
[   .000000]   Centaur CentaurHauls
[    0.00000] 6/fp: tate_fft[2]:57, xstteizes[]:256
    0.00000]x8fpu:uprting AVE feaur0x01: 'x87 floating point registers'[   0.000] x86/u:SupporngXSAVfeture 0x2:SSE risrs'
  0.0000 x86/fp Spportig AVE fate 0x4:AV regisers'
[    0.000000] x86/fpu: Enabled xstate features 0x7, context size is 832 bytes, using 'standard' format.
[    0.000000] x86/fpu: Using 'lazy' FPU context switches.
[    0.000000] e820: BIOS-provided physical RAM map:
[    0.000000] BIOS-e820: [mem 0x0000000000000000-0x000000000009fbff] usable
[    0.000000] BIOS-e820: [mem 0x000000000009fc00-0x0000000ffff] rered
[  00000] IOS-e82: em0x00000000f000x0000000ffff] servd[   .00000BIS-e82: em 0x0000001000-0x000003ffff] usable
[   0.000000] BIOS-e820: [mem 0x000000003fff0000-0x000000003fffff ACPdaa
[   0.0000] OSe820: [emx000000ff0000x000000fffff] reseve
[   0.0000] NX (Excu Disab) otection aive
  0.0000]MBOS 2.5 pset.
[  0000000] Hypervisor detctd:KVM
[    0.000000] AGP: No AGP bridge found
[    0.000000] e820: last_pfn = 0x3fff0 max_arch_pfn = 0x400000000
[    0.000000] MTRR: Disabled
[    0.000000] x86/PAT: TR disle, skipping PAT initializatonoo.
[   .000000] x86/PAT: Configuration [0-7]: WB  WT  UC-UC W  WT UCUC 
[  0000000]CPMTRRs al ank viualid ystem
  0.00000fond SMMPtable t em 0x009f0-x009ff mpe at [ffff8800009f0]
[   00000] aning 1res folo memy orruptin[    0.000] RAMSK [me 06a2000-0x37558fff]
[    0.000000] ACPI: Early table checksm rificatonisabed
[    00000] ACP: DP 0x0000000E00000024(v VBOX )
[   0.0000 ACPI: XSDT 0x000000003FFF0030 00003C (v01 VBOX   VBOXXSDT 00000001 ASL  00000061)
[    0.000000] ACPI: FACP 0x000000003FFF00F0 0000F4 (v04 VBOX   VBOXFACP 00000001 ASL  00000)
[    00000] CP DDT 00000003FF040 02118 (v01 BO  BOXBIOS000000INL 20160108
[   .000] PI: FACS 000000003FF200 00004
   0.000 ACPI: FCS0x0000003FF0200 000040
[   0.000000] ACPI: APIC 0x000000003FFF024 000C (v02 VOX  BOXAPIC 00000001 ASL  0000001)[    0.000000] ACPI: SSDT 0x000000003FFF02A0 0001CC (v01 VBOX   VBOXCPUT 00000002 INTL 20160108)
[    0.000000] No NUM cfiguratn ound[    00000] kig a nod a[mem 0x0000000000-x000000003ffeffff]
[    0.0000 NODE_DAT(0allocatd em 03fb000-0x3feff]
[  .00000 kvm-clock: Usin msrs 4b564d01 and 4b564d00
[    0.000000]kv-cock: cpu 0 mr :3fe3001, riar cpu lok
[    0.0000 kvm-lok:usingscedoffset of 3167466073 cycles
[   .00000] clocksourc: vmclck: mask: xffffffffffff axcyes: 0x1cd42e4dffb, max_idle_ns: 881590591483ns
[    0.000000] Zone ranges:
[    0.000000]   DMA      [mm 0x0000000000001000-0x00000000ffff]
[   .0000]   DMA32   me 00000000010000-0x00000003feff]
[    .0000]   oral  mpty[   .000000]  Deic  empty
[    .00000]Moabe one sar fr each od
   0.0000] arly meor nderanges
[   000000  ode  : mem 000000000100-0x00000009ef]
[   0.0000] noe   0:me 0x000000010000x000003ffeff
    00000] Iitm setp de0 [mm 00000000001000-0x000003ffeff]
[   .00000] PI PM-me IO rt 0x408
[  0.00000IOAPI0]apic_id 2, rson 17, addes0xfec0000GSI -2
[    0.00000ACPI:INSRC_OR us 0 busir0 lobair 2fldfl)
[  0.000000] CP INT_RCVR (bus  b_irq gob_irq 9 high level)
    0.000] Usi API (AD forMPconfiurion information
[    0.000000] smpbotAllowing 2 CPUs, 0hoplu Cs
[   00000]M:Regited novememor [em 0x00000-0x0000ff
[   000000 P Regisrenosae moy: [me 00009f00-0009ffff]
[   00000] PMReisteedosave memory: [mem 0x000a0000-0x000ff]
[   00000] PM: egtered sae mery [mem 00f000-000ffff]
  0.00000e80: [m 400000-xffbff avaibl for I eves
[    .0000] oong paavtualiz krnel onKV
[  0000000clcksour: efediffi: sk: 0xfffff macyles:xfffffff, max_idle_ns: 7645519600211568 ns
[    0.000000] setup_percpu: NR_CPUS:512 nr_cpumask_bits:512 nr_cpu_ids:2 nr_node_ids:1
[    0.000000] PERCPU: Embedded 33 pages/cpu @ffff88003fc00000 s98264 r8192 d28712 u1048576
[    0.000000] PV qspinlock hash table entries: 26 order 04096 bes)
[    0.00000]uilt znelitsn Nodorr, mobiltygrouinon. Tol pas:57913
[  0.000] Pocyzone D32
  0.000]ernel mmndline: BOT_IMGEbot/vmliuz4..0-87-geerc oo=LABEL=couim-rootfs r csole=t1 onsolety0
[    .000] D hah ble enri: 40 (der: , 768 te
[    0.000000] AGP: Checking aperture...
[    .0000] AGP N AP ridge foud
[    0.000000] Memory: 100132/1048120K available (8474K kernel code, 1293K wdata, 3984K rodata, 1488K init, 1316K bss, 638Kreservd,K ma-reserved)
[    000000]LU: HWalgn4, Oer0-3,inbject=0CPUs, odes=
   0.000] Hiarhica R implemetaon.   0.000] 	Buildti adjtmnt of leaffautto 4.[    0.000] 	RCretricinCPUsfr NR_PU512 to nr_puids=2
   0.000]RCU: Adjstg gemey or rc_fou_leaf=6 n_cpu_id=2
[    00000] R_QS:3324r_irqs:4406
[  0000] onsol clour VGA 8x25
  0.00000cosole [t1]enabled
[   .00000]cosoe ttyS0] eabed
[    0.000000] tsc: Detected 3210.810 MHz processor
[    0.000000] tsc: Marking TSC unstable due to TSCs unsynchronized
[    0.012000] Calibrating delay loop (skipped) preset value.. 6421.62 BogoMIPS (lpj=12843240)
[    0.016004] pid_max: default: 32768 minimum: 301
[    0.020009] ACPI: Core revision 20150930
[    0.025054] ACPI: 2 ACPI AML tables successfully acquired and loaded
[    0.032928] Security Framework initialized
[    0.036007] Yama: becoming mindful.
[    0.037540] AppArmor: AppArmor initialized
[    0.040110] Dentry cache hash table entries: 131072 (order: 8, 1048576 bytes)
[    0.044265] Inode-cache hash table entries: 65536 (order: 7, 524288 bytes)
[    0.048809] Mount-cache hash table entries: 2048 (order: 2, 16384 bytes)
[    0.052009] Mountpoint-cache hash table entries: 2048 (order: 2, 16384 bytes)
[    0.056203] Initializing cgroup subsys io
[    0.060007] Initializing cgroup subsys memory
[    0.064011] Initializing cgroup subsys devices
[    0.068012] Initializing cgroup subsys freezer
[    0.072008] Initializing cgroup subsys net_cls
[    0.076005] Initializing cgroup subsys perf_event
[    0.080006] Initializing cgroup subsys net_prio
[    0.084009] Initializing cgroup subsys hugetlb
[    0.088005] Initializing cgroup subsys pids
[    0.092234] CPU: Physical Processor ID: 0
[    0.096004] CPU: Processor Core ID: 0
[    0.100007] mce: CPU supports 0 MCE banks
[    0.104021] Last level iTLB entries: 4KB 512, 2MB 1024, 4MB 512
[    0.108004] Last level dTLB entries: 4KB 1024, 2MB 1024, 4MB 512, 1GB 0
[    0.116203] Freeing SMP alternatives memory: 32K (ffffffff820b9000 - ffffffff820c1000)
[    0.129733] ftrace: allocating 32128 entries in 126 pages
[    0.140082] smpboot: APIC(0) Converting physical 0 to logical package 0
[    0.144005] smpboot: Max logical packages: 1
[    0.149732] ..TIMER: vector=0x30 apic1=0 pin1=2 apic2=-1 pin2=-1
[    0.156000] APIC calibration not consistent with PM-Timer: 95ms instead of 100ms
[    0.156000] APIC delta adjusted to PM-Timer: 6256393 (6001124)
[    0.156076] smpboot: CPU0: AMD FX-8320E Eight-Core Processor (family: 0x15, model: 0x2, stepping: 0x0)
[    0.172016] Performance Events: Broken PMU hardware detected, using software events only.
[    0.180006] Failed to access perfctr msr (MSR c0010007 is 0)
[    0.184043] KVM setup paravirtual spinlock
[    0.189088] x86: Booting SMP configuration:
[    0.192006] .... node  #0, CPUs:      #1
[    0.012000] kvm-clock: cpu 1, msr 0:3ffe3041, secondary cpu clock
[    0.012000] mce: CPU supports 0 MCE banks
[    0.386103] x86: Booted up 1 node, 2 CPUs
[    0.388011] smpboot: Total of 2 processors activated (12843.24 BogoMIPS)
[    0.392400] devtmpfs: initialized
[    0.398453] evm: security.selinux
[    0.400008] evm: security.SMACK64
[    0.404002] evm: security.SMACK64EXEC
[    0.408003] evm: security.SMACK64TRANSMUTE
[    0.412005] evm: security.SMACK64MMAP
[    0.416005] evm: security.ima
[    0.420005] evm: security.capability
[    0.424242] clocksource: jiffies: mask: 0xffffffff max_cycles: 0xffffffff, max_idle_ns: 7645041785100000 ns
[    0.428081] futex hash table entries: 512 (order: 3, 32768 bytes)
[    0.436147] pinctrl core: initialized pinctrl subsystem
[    0.440154] RTC time:  4:55:19, date: 08/08/17
[    0.444985] NET: Registered protocol family 16
[    0.460018] cpuidle: using governor ladder
[    0.524011] cpuidle: using governor menu
[    0.528014] PCCT header not found.
[    0.532330] ACPI: bus type PCI registered
[    0.536008] acpiphp: ACPI Hot Plug PCI Controller Driver version: 0.5
[    0.540140] PCI: Using configuration type 1 for base access
[    0.544002] PCI: Using configuration type 1 for extended access
[    0.564379] ACPI: Added _OSI(Module Device)
[    0.568038] ACPI: Added _OSI(Processor Device)
[    0.572003] ACPI: Added _OSI(3.0 _SCP Extensions)
[    0.576008] ACPI: Added _OSI(Processor Aggregator Device)
[    0.584464] ACPI: Executed 1 blocks of module-level executable AML code
[    0.594616] ACPI: Interpreter enabled
[    0.596033] ACPI: (supports S0 S5)
[    0.600010] ACPI: Using IOAPIC for interrupt routing
[    0.604324] PCI: Using host bridge windows from ACPI; if necessary, use "pci=nocrs" and report a bug
[    0.615811] ACPI: PCI Root Bridge [PCI0] (domain 0000 [bus 00-ff])
[    0.616007] acpi PNP0A03:00: _OSC: OS supports [ExtendedConfig ASPM ClockPM Segments MSI]
[    0.620019] acpi PNP0A03:00: _OSC failed (AE_NOT_FOUND); disabling ASPM
[    0.624315] PCI host bridge to bus 0000:00
[    0.628019] pci_bus 0000:00: root bus resource [io  0x0000-0x0cf7 window]
[    0.632013] pci_bus 0000:00: root bus resource [io  0x0d00-0xffff window]
[    0.636007] pci_bus 0000:00: root bus resource [mem 0x000a0000-0x000bffff window]
[    0.640015] pci_bus 0000:00: root bus resource [mem 0x40000000-0xffdfffff window]
[    0.644008] pci_bus 0000:00: root bus resource [bus 00-ff]
[    0.652873] pci 0000:00:01.1: legacy IDE quirk: reg 0x10: [io  0x01f0-0x01f7]
[    0.656014] pci 0000:00:01.1: legacy IDE quirk: reg 0x14: [io  0x03f6]
[    0.660003] pci 0000:00:01.1: legacy IDE quirk: reg 0x18: [io  0x0170-0x0177]
[    0.664003] pci 0000:00:01.1: legacy IDE quirk: reg 0x1c: [io  0x0376]
[    0.717868] ACPI: PCI Interrupt Link [LNKA] (IRQs 5 9 10 11) *0, disabled.
[    0.728582] ACPI: PCI Interrupt Link [LNKB] (IRQs 5 9 10 *11)
[    0.748119] ACPI: PCI Interrupt Link [LNKC] (IRQs 5 9 *10 11)
[    0.760556] ACPI: PCI Interrupt Link [LNKD] (IRQs 5 *9 10 11)
[    0.776640] ACPI: Enabled 2 GPEs in block 00 to 07
[    0.780292] vgaarb: setting as boot device: PCI:0000:00:02.0
[    0.784000] vgaarb: device added: PCI:0000:00:02.0,decodes=io+mem,owns=io+mem,locks=none
[    0.784011] vgaarb: loaded
[    0.788003] vgaarb: bridge control possible 0000:00:02.0
[    0.792447] SCSI subsystem initialized
[    0.800172] ACPI: bus type USB registered
[    0.804064] usbcore: registered new interface driver usbfs
[    0.808042] usbcore: registered new interface driver hub
[    0.812050] usbcore: registered new device driver usb
[    0.816137] PCI: Using ACPI for IRQ routing
[    0.820306] NetLabel: Initializing
[    0.824003] NetLabel:  domain hash size = 128
[    0.828009] NetLabel:  protocols = UNLABELED CIPSOv4
[    0.832043] NetLabel:  unlabeled traffic allowed by default
[    0.836084] amd_nb: Cannot enumerate AMD northbridges
[    0.840089] clocksource: Switched to clocksource kvm-clock
[    0.952458] AppArmor: AppArmor Filesystem Enabled
[   9684pn P AI it[  0641]npPnAC: un3 evices
[  1609]losoceac_p mk:xfffmacyes0xff, ax_id_n 25702ns[  3757]ETRestedrocofaly
[   77289 T eabsh hh blenie 8192(orde 4656 te
  4.14] P nd hah blentries: 8192 orr:, 10 bes
[  5169]CPHa tlecoigedesablied19bi 82)[  6750]DPastae trs:12orr:, 38 byts)[  6634]DPitha tlentes51(oer2,63 bes
[    69614NE Risreproc fil 1
[   8.93] i 000:.0Liti direct PCPCtransfs  9.51] i 000:.0AcvangSAMAanwoarunds[  9101]npki itrfs.
[   12.103141] Freeing initrd memory: 10844K (ffff880036ac2000 - ffff880037559000)
[   12.124094] clocksource: tsc: mask: 0xffffffffffffffff max_cycles: 0x2e482d6ede8, max_idle_ns: 440795234575 ns
[   12.154991] platform rtc_cmos: registered platform RTC device (no PNP device found)
[   12.241301] Scanning for low memory corruption every 60 seconds
[   12.352977] audit: initializing netlink subsys (disabled)
[   12.374309] audit: type=2000 audit(1502168112.563:1): initialized
[   12.426439] Initialise system trusted keyring
[   12.510317] HugeTLB registered 2 MB page size, pre-allocated 0 pages
[   12.646691] zbud: loaded
[   2.09] S: Disk uos uo6.0
[   .1574] VF Dotac hh blenie 5 (de0,09 byte)
[   13.934300] squashfs: version 4.0 (2009/01/31) Phillip Lougher
[   13.983649] fuse init (API version 7.23)
[   14.088845] Key type big_key registered
[   14.175334] Allocating IMA MOK and blacklist keyrings.
[   14.200359] Key type asymmetric registered
[   14.261435] Asymmetric key parser 'x509' registered
[   14.355053] Block layer SCSI generic (bsg) driver version 0.4 loaded (major 249)
[   14.502319] io scheduler noop registered
[   14.567193] io scheduler deadline registered (default)
[   14.668686] io scheduler cfq registered
[   14.4070 pi_hotugPCHoPl P Ce rsn:.5[ 15175]cip:CIxpessotPlug onolr iv vsi: 4  6.28477 AI:C apr C]onin
[   16.825873] input:Power Button as /devices/LNXSYSTM:00/LNXPWRBN:00inutinut
  170075] CP: owr tt [RF
[ 17075]np: eeBuons deviesNXST00NXPB00np/iut

[   18922]CP Seputn LP
[   8.8296] ESHE inoenle
[ 19596]erl:25160 iv,  por, RQ sarg abd  0.82] :0: ttySat/Ox3 (q 4,asba =15200) i a65A
[ 21121]in aga ierce0.3
[   21.572007] loop: module loaded
[   21.633744] scsi host0: ata_piix
[   21.661171] scsi host1: ata_piix
[   21.710056] ata1: PATA max UDMA/33 cmd 0x1f0 ctl 0x3f6 bmdma 0xd000 irq 14
[   21.860137] ata2: PATA max UDMA/33 cmd 0x170 ctl 0x376 bmdma 0xd008 irq 15
[   22.083332] libphy: Fixed MDIO Bus: probed
[   22.226399] tun: Universal TUN/TAP device driver, 1.6
[   22.392303] tun: (C) 1999-2004 Max Krasnyansky <maxk@qualcomm.com>
[   22.683351] PPP generic driver version 2.4.2
[   22.841665] ehci_hcd: USB 2.0 'Enhanced' Host Controller (EHCI) Driver
[   23.046274] ehci-pci: EHCI PCI platform driver
[   23.182278] ehci-platform: EHCI generic platform driver
[   23.355747] ohci_hcd: USB 1.1 'Open' Host Controller (OHCI) Driver
[   23.547256] ohci-pci: OHCI PCI platform driver
[   23.691376] ohci-platform: OHCI generic platform driver
[   23.859952] uhci_hcd: USB Universal Host Controller Interface driver
[   24.059124] i8042: PNP: PS/2 Controller [PNP0303:PS2K,PNP0f03:PS2M] at 0x60,0x64 irq 1,12
[   24.384180] serio: i8042 KBD port at 0x60,0x64 irq 1
[   24.546596] serio: i8042 AUX port at 0x60,0x64 irq 12
[   24.709895] mousedev: PS/2 mouse device common for all mice
[   24.895061] rtc_cmos rtc_cmos: rtc core: registered rtc_cmos as rtc0
[   25.089804] input: AT Translated Set 2 keyboard as /devices/platform/i8042/serio0/input/input2
[   25.089840] rtc_cmos rtc_cmos: alarms up to one day, 114 bytes nvram
[   25.089870] i2c /dev entries driver
[   25.090002] device-mapper: uevent: version 1.0.3
[   25.090149] device-mapper: ioctl: 4.34.0-ioctl (2015-10-28) initialised: dm-devel@redhat.com
[   25.090179] ledtrig-cpu: registered to indicate activity on CPUs
[   25.090697] NET: Registered protocol family 10
[   25.090948] NET: Registered protocol family 17
[   25.090961] Key type dns_resolver registered
[   25.091219] microcode: CPU0: patch_level=0x06000626
[   25.093644] microcode: CPU1: patch_level=0x06000626
[   25.320073] microcode: Microcode Update Driver: v2.01 <tigran@aivazian.fsnet.co.uk>, Peter Oruba
[   25.320320] registered taskstats version 1
[   25.320336] Loading compiled-in X.509 certificates
[   25.321290] Loaded X.509 cert 'Build time autogenerated kernel key: 713bc24ccc5bf0d11d706d6f5bf7187ed23f7b25'
[   25.321319] zswap: loaded using pool lzo/zbud
[   25.323223] Key type trusted registered
[   25.326381] Key type encrypted registered
[   25.326387] AppArmor: AppArmor sha1 policy hashing enabled
[   25.326397] ima: No TPM chip found, activating TPM-bypass!
[   25.326420] evm: HMAC attrs: 0x1
[   25.326748]   Magic number: 13:923:918
[   25.513040] rtc_cmos rtc_cmos: setting system clock to 2017-08-08 04:55:47 UTC (1502168147)
[   25.513219] BIOS EDD facility v0.16 2004-Jun-25, 0 devices found
[   25.513220] EDD information not available.
[   28.940755] Freeing unused kernel memory: 1488K (ffffffff81f45000 - ffffffff820b9000)
[   29.077532] Write protecting the kernel read-only data: 14336k
[   29.181826] Freeing unused kernel memory: 1756K (ffff880001849000 - ffff880001a00000)
[   29.295276] Freeing unused kernel memory: 112K (ffff880001de4000 - ffff880001e00000)
Loading, please [   29.380220] random: systemd-udevd: uninitialized urandom read (16 bytes read, 4 bits of entropy available)
wait...
startin[   29.381377] random: udevadm: uninitialized urandom read (16 bytes read, 4 bits of entropy available)
g version 229
[   29.381436] random: udevadm: uninitialized urandom read (16 bytes read, 4 bits of entropy available)
[   29.381624] random: udevadm: uninitialized urandom read (16 bytes read, 4 bits of entropy available)
[   29.381703] random: udevadm: uninitialized urandom read (16 bytes read, 4 bits of entropy available)
[   29.381778] random: udevadm: uninitialized urandom read (16 bytes read, 4 bits of entropy available)
[   29.381870] random: udevadm: uninitialized urandom read (16 bytes read, 4 bits of entropy available)
[   29.381941] random: udevadm: uninitialized urandom read (16 bytes read, 4 bits of entropy available)
[   29.382011] random: udevadm: uninitialized urandom read (16 bytes read, 4 bits of entropy available)
[   29.382090] random: udevadm: uninitialized urandom read (16 bytes read, 4 bits of entropy available)
[   30.312288] e1000: Intel(R) PRO/1000 Network Driver - version 7.3.21-k8-NAPI
[   30.446216] e1000: Copyright (c) 1999-2006 Intel Corporation.
[   30.479835] Fusion MPT base driver 3.04.20
[   30.505587] Copyright (c) 1999-2008 LSI Corporation
[   30.545523] Fusion MPT SPI Host driver 3.04.20
[   30.559399] AVX version of gcm_enc/dec engaged.
[   30.612714] AES CTR mode by8 optimization enabled
[   30.746493] input: ImExPS/2 Generic Explorer Mouse as /devices/platform/i8042/serio1/input/input4
[   31.123139] e1000 0000:00:03.0 eth0: (PCI:33MHz:32-bit) 02:d9:2e:d9:94:c0
[   31.315419] e1000 0000:00:03.0 eth0: Intel(R) PRO/1000 Network Connection
[   31.509694] mptbase: ioc0: Initiating bringup
[   31.732733] ioc0: LSI53C1030 A0: Capabilities={Initiator}
[   32.021497] scsi host2: ioc0: LSI53C1030 A0, FwRev=00000000h, Ports=1, MaxQ=256, IRQ=20
[   33.484857] floppy0: no floppy controllers found
[   33.485073] work still pending
[   33.625008] scsi 2:0:0:0: Direct-Access     VBOX     HARDDISK         1.0  PQ: 0 ANSI: 5
[   33.633374] scsi target2:0:0: Beginning Domain Validation
[   33.650036] scsi target2:0:0: Domain Validation skipping write tests
[   33.655163] scsi target2:0:0: Ending Domain Validation
[   33.668954] scsi target2:0:0: asynchronous
[   33.695469] scsi 2:0:1:0: Direct-Access     VBOX     HARDDISK         1.0  PQ: 0 ANSI: 5
[   33.914174] scsi target2:0:1: Beginning Domain Validation
[   34.020877] e1000 0000:00:08.0 eth1: (PCI:33MHz:32-bit) 08:00:27:eb:37:ad
[   34.020882] e1000 0000:00:08.0 eth1: Intel(R) PRO/1000 Network Connection
[   34.220308] e1000 0000:00:08.0 enp0s8: renamed from eth1
[   34.307183] scsi target2:0:1: Domain Validation skipping write tests
[   34.424855] scsi target2:0:1: Ending Domain Validation
[   34.530303] scsi target2:0:1: asynchronous
[   34.538105] e1000 0000:00:03.0 enp0s3: renamed from eth0
[   34.735124] sd 2:0:0:0: Attached scsi generic sg0 type 0
[   34.834198] sd 2:0:1:0: Attached scsi generic sg1 type 0
[   34.834609] sd 2:0:0:0: [sda] 20971520 512-byte logical blocks: (10.7 GB/10.0 GiB)
[   34.974484] sd 2:0:1:0: [sdb] 20480 512-byte logical blocks: (10.5 MB/10.0 MiB)
[   34.974514] sd 2:0:0:0: [sda] Write Protect is off
[   34.974712] sd 2:0:0:0: [sda] Incomplete mode parameter data
[   34.974714] sd 2:0:0:0: [sda] Assuming drive cache: write through
[   34.977196]  sda: sda1
[   34.978684] sd 2:0:0:0: [sda] Attached SCSI disk
[   35.784740] sd 2:0:1:0: [sdb] Write Protect is off
[   35.997563] sd 2:0:1:0: [sdb] Incomplete mode parameter data
[   36.211762] sd 2:0:1:0: [sdb] Assuming drive cache: write through
[   36.410851] sd 2:0:1:0: [sdb] Attached SCSI disk
Begin: Loading e[   38.127007] md: linear personality registered for level -1
ssential drivers ... [   38.180008] md: multipath personality registered for level -4
[   38.351367] md: raid0 personality registered for level 0
[   38.368830] md: raid1 personality registered for level 1
[   38.612228] raid6: sse2x1   gen()  5995 MB/s
[   38.812078] raid6: sse2x1   xor()  3934 MB/s
[   38.944172] raid6: sse2x2   gen()  9517 MB/s
[   39.144048] raid6: sse2x2   xor()  6750 MB/s
[   39.380417] raid6: sse2x4   gen() 11581 MB/s
[   39.596083] raid6: sse2x4   xor()  5327 MB/s
[   39.723393] raid6: using algorithm sse2x4 gen() 11581 MB/s
[   39.887848] raid6: .... xor() 5327 MB/s, rmw enabled
[   39.966453] raid6: using ssse3x2 recovery algorithm
[   40.091849] xor: automatically using best checksumming function:
[   40.196109]    avx       :  7807.000 MB/sec
[   40.284560] async_tx: api initialized (async)
[   40.394563] md: raid6 personality registered for level 6
[   40.406101] md: raid5 personality registered for level 5
[   40.464914] md: raid4 personality registered for level 4
[   40.582401] md: raid10 personality registered for level 10
done.
Begin: Running /scripts/init-premount ...[   40.807221] Btrfs loaded
 done.
Begin: Mounting root file system ... Begin: Running /scripts/local-top ... done.
Begin:[   40.954659] EXT4-fs (sda1): mounted filesystem with ordered data mode. Opts: (null)
 Running /scripts/local-premount ... Scanning for Btrfs filesystems
done.
Warning: fsck not present, so skipping root file system
done.
Begin: Running /scripts/local-bottom ... done.
Begin: Running /scripts/init-bottom ... done.
[   41.449687] systemd[1]: systemd 229 running in system mode. (+PAM +AUDIT +SELINUX +IMA +APPARMOR +SMACK +SYSVINIT +UTMP +LIBCRYPTSETUP +GCRYPT +GNUTLS +ACL +XZ -LZ4 +SECCOMP +BLKID +ELFUTILS +KMOD -IDN)
[   42.142000] systemd[1]: Detected virtualization oracle.
[   42.315518] systemd[1]: Detected architecture x86-64.

Welcome to [1mUbuntu 16.04.3 LTS[0m!

[  45380syem1]Se htne  <un-xia.
[   43.412027] systemd[1]: Listening on Journal Socket.
[[0;32m  OK  [0m] Listening on Journal Socket.
[   43.522443] systemd[1]: Listening on Syslog Socket.
[[0;32m  OK  [0m] Listening on Syslog Socket.
[   43.529052] systemd[1]: Listening on LVM2 metadata daemon socket.
[[0;32m  OK  [0m] Listening on LVM2 metadata daemon socket.
[   3.67] ystemd1] Listinonoualoct dev/lg)

[[0;32m  OK  [0m] Listening on Journal Socket (/dev/log).
[   4.45] std[: stin on udevKeel Sockt.
[[0;32m  OK  [0m] Listening on udev Kernel Socket.
[  40184syemd[]:reedli SteSle.
[[0;32m  OK  [0m] Created slice System Slice.
[   .772 rand: nbckg ols itialze

[   46.324485] systemd[1]: Starting Load Kernel Modules...
         Starting Load Ke[   46.406675] Loading iSCSI transport class v2.0-870.
rnel Modules...
[   46.581374] iscsi: registered transport (tcp)
[   46.728842] systemd[1]: Starting Uncomplicated firewall...
         Starting Uncomplicated firewall.[   46.793393] iscsi: registered transport (iser)
..
[   46.900388] systemd[1]: Starting Create list of required static device nodes for the current kernel...
         Starting Create list of required st... nodes for the current kernel...
[   47.232587] systemd[1]: Starting Nameserver information manager...
         Starting Nameserver information manager...
[   47.424395] systemd[1]: Mounting POSIX Message Queue File System...
         Mounting POSIX Message Queue File System...
[   47.532831] ysmd]:isni oJornal AuditSoet

[[0;32m  OK  [0m] Listening on Journal Audit Socket.
[   48.080683] systemd[1]: Starting Journal Service...
         Starting Journal Service...
[   48.168 sysemd[1]: ead icUs a Ssi Slic.
[[0;32m  OK  [0m] Created slice User and Session Slice.
[ 48163]ysmd]:taedForward Password Requests to Wall Directory Watch.
[[0;32m  OK  [0m] Started Forward Password Requests to Wall Directory Watch.
[   49.353051] systemd[1]: Listening on LVM2 poll daemon socket.
[[0;32m  OK  [0m] Listening on LVM2 poll daemon socket.
[   49.528670] systemd[1]: Starting Set console keymap...
         Starting Set console keymap...
[   49.574905] systemd[1]: Mounting Debug File System...
         Mounting Debug File System...
[ 4992575] syemd[1]: eaedart ics.
[[0;32m  OK  [0m] Reached target Slices.
[   50.202431] systemd[1]: Starting Remount Root and Kernel File Systems...
[   50.209283] EXT4-fs (sda1): re-mounted. Opts: (null)
         Starting Remount Root and Kernel File Systems...
[   50.628249] systemd[1]: Mounting Huge Pages File System...
         Mounting Huge Pages File System...
[   50.800978] systemd[1]: Set up automount Arbitrary Executable File Formats File System Automount Point.
[[0;32m  OK  [0m] Set up automount Arbitrary Executab...ats File System Automount Point.
[   51.070961] systemd[1]: Reached target Encrypted Volumes.
[[0;32m  OK  [0m] Reached target Encrypted Volumes.
[   51.344480] systemd[1]: Listening on udev Control Socket.
[[0;32m  OK  [0m] Listening on udev Control Socket.
[   51.596571] systemd[1]: Listening on Device-mapper event daemon FIFOs.
[[0;32m  OK  [0m] Listening on Device-mapper event daemon FIFOs.
[   51.864852] systemd[1]: Starting Monitoring of LVM2 mirrors, snapshots etc. using dmeventd or progress polling...
         Starting Monitoring of LVM2 mirrors... dmeventd or progress polling...
[   52.286424] systemd[1]: Listening on /dev/initctl Compatibility Named Pipe.
[[0;32m  OK  [0m] Listening on /dev/initctl Compatibility Named Pipe.
[   52.540630] systemd[1]: Reached target User and Group Name Lookups.
[[0;32m  OK  [0m] Reached target User and Group Name Lookups.
[   52.894218] systemd[1]: Started Trigger resolvconf update for networkd DNS.
[[0;32m  OK  [0m] Started Trigger resolvconf update for networkd DNS.
[   53.4400] sysem[1]: Crated li ste-serial\dget.sce

[[0;32m  OK  [0m] Created slice system-serial\x2dgetty.slice.
[   54.096653] systemd[1]: Reached target Swap.
[[0;32m  OK  [0m] Reached target Swap.
[   54.202761] systemd[1]: Mounted Huge Pages File System.
[[0;32m  OK  [0m] Mounted Huge Pages File System.
[   5.460 ste[1 Mnt POSIX ssagQue leysm.
[[0;32m  OK  [0m] Mounted POSIX Message Queue File System.
[  55.2035syem[1]:ouedeb FilSyem

[[0;32m  OK  [0m] Mounted Debug File System.
[   55.837 ste[1 SarteJonaSeic.
[[0;32m  OK  [0m] Started Journal Service.
[[0;32m  OK  [0m] Started Load Kernel Modules.
[[0;32m  OK  [0m] Started Uncomplicated firewall.
[[0;32m  OK  [0m] Started Create list of required sta...ce nodes for the current kernel.
[[0;32m  OK  [0m] Started Set console keymap.
[[0;32m  OK  [0m] Started Remount Root and Kernel File Systems.
[[0;32m  OK  [0m] Started Nameserver information manager.
[[0;32m  OK  [0m] Started LVM2 metadata daemon.
         Starting Initial cloud-init job (pre-networking)...
         Starting udev Coldplug all Devices...
         Starting Load/Save Random Seed...
         Starting Create Static Device Nodes in /dev...
         Mounting FUSE Control File System...
         Starting Apply Kernel Variables...
         Starting Flush Journal to Persistent Storage...
[[0;32m  OK  [0m] Mounted FUSE Control File System.
[[0;32m  OK  [0m] Started Monitoring of LVM2 mirrors,...ng dmeventd or progress polling.
[[0;32m  OK  [0m] Started Load/Save Random Seed.
[[0;32m  OK  [0m] Started Create Static Device Nodes in /dev.
[[0;32m  OK  [0m] Started Apply Kernel Variables.
[[0;32m  OK  [0m] Started udev Coldplug all Devices.
[[0;32m  OK  [0m] Started Flush Journal to Persistent Storage.
         Starting udev Kernel Device Manager...
[[0;32m  OK  [0m] Started udev Kernel Device Manager.
[[0;32m  OK  [0m] Reached target Local File Systems (Pre).
[[0;32m  OK  [0m] Reached target Local File Systems.
         Starting Create Volatile Files and Directories...
         Starting Tell Plymouth To Write Out Runtime Data...
         Starting Set console font and keymap...
         Starting LSB: AppArmor initialization...
[   58.246598] [cloud-init[0;32m  OK  [0m[453]: ] Cloud-init v. 0.7.9 running 'init-local' at Tue, 08 Aug 2017 04:56:19 +0000. Up 57.71 seconds.Started Dispatch Password Requests to Console Directory Watch.

[[0;32m  OK  [0m] Started Create Volatile Files and Directories.
[[0;32m  OK  [0m] Started Tell Plymouth To Write Out Runtime Data.
[[0;32m  OK  [0m] Started Initial cloud-init job (pre-networking).
[[0;32m  OK  [0m] Found device /dev/ttyS0.
[[0;32m  OK  [0m] Listening on Load/Save RF Kill Switch Status /dev/rfkill Watch.
[[0;32m  OK  [0m] Reached target Network (Pre).
[[0;32m  OK  [0m] Reached target System Time Synchronized.
         Starting Update UTMP about System Boot/Shutdown...
[[0;32m  OK  [0m] Started Set console font and keymap.
[[0;32m  OK  [0m] Started LSB: AppArmor initialization.
[[0;32m  OK  [0m] Started ifup for enp0s8.
         Starting Raise network interfaces...
[[0;32m  OK  [0m] Started ifup for enp0s3.
[[0;32m  OK  [0m] Created slice system-getty.slice.
[[0;32m  OK  [0m] Started Update UTMP about System Boot/Shutdown.
[[0;32m  OK  [0m] Started Raise network interfaces.
         Starting Initial cloud-init job (metadata service crawler)...
[[0;32m  OK  [0m] Reached target Network.
[   61.870072] cloud-init[1060]: Cloud-init v. 0.7.9 running 'init' at Tue, 08 Aug 2017 04:56:23 +0000. Up 61.47 seconds.
[   61.972731] cloud-init[1060]: ci-info: ++++++++++++++++++++++++++++++++++++++Net device info++++++++++++++++++++++++++++++++++++++
[[0;32m  OK  [0m] Started Initial cloud-init job (metadata service crawler).
[   61.973232] cloud-init[1060]: ci-info: +--------+------+-----------------------------+---------------+-------+-------------------+
[   62.292557] cloud-init[1060]: ci-info: | Device |  Up  |           Address           |      Mask     | Scope |     Hw-Address    |
[   62.293060] cloud-init[1060]: ci-info: +--------+------+-----------------------------+---------------+-------+-------------------+
[[0;32m  OK  [0m] Reached target Network is Online.
[   62.293297] cloud-init[1060]: ci-info: | enp0s8 | True |         172.16.42.43        | 255.255.255.0 |   .   | 08:00:27:eb:37:ad |
[   62.644467]          cloud-initStarting iSCSI initiator daemon (iscsid)...[1060]: 
ci-info: | enp0s8 | True | fe80::a00:27ff:feeb:37ad/64 |       .       |  link | 08:00:27:eb:37:ad |
[   62.844664] [cloud-init[0;32m  OK  [0m[1060]: ] ci-info: | enp0s3 | True |          10.0.2.15          | 255.255.255.0 |   .   | 02:d9:2e:d9:94:c0 |Reached target System Initialization.

[   62.845506] cloud-init[1060]: ci-info: | enp0s3 | True |  fe80::d9:2eff:fed9:94c0/64 |       .       |  link | 02:d9:2e:d9:94:c0 |
[   63.344628] cloud-init[1060]: ci-info: |   lo   | True |          127.0.0.1          |   255.0.0.0   |   .   |         .         |
[   63.345004] cloud-init[1060]: ci-info: |   lo   | True |           ::1/128           |       .       |  host |         .         |
[[0;32m  OK  [0m] Started Timer to automatically refresh installed snaps.
[[   63.345194] cloud-init[1060]: ci-info: +--------+------+-----------------------------+---------------+-------+-------------------+
[   63.565251] cloud-init[1060]: ci-info: +++++++++++++++++++++++++++Route IPv4 info++++++++++++++++++++++++++++
[0;32m  OK  [0m] Listening on D-Bus System Message Bus Socket.
[[0;32m  OK  [0m[   63.565350] ] cloud-initListening on UUID daemon activation socket.[1060]: 
ci-info: +-------+-------------+----------+---------------+-----------+-------+
[   63.968483] cloud-init[1060]: ci-info: | Route | Destination | Gateway  |    Genmask    | Interface | Flags |
[   63.968861] cloud-init[1060]: ci-info: +-------+-------------+----------+---------------+-----------+-------+
[[0;32m  OK  [0m] Started Daily Cleanup of Temporary Directories.
[   63.969040] cloud-init[1060]: ci-info: |   0   |   0.0.0.0   | 10.0.2.2 |    0.0.0.0    |   enp0s3  |   UG  |
[   64.376500] cloud-init[1060]: ci-info: |   1   |   10.0.2.0  | 0.0.0.0  | 255.255.255.0 |   enp0s3  |   U   |
[   64.377221] cloud-init[1060]: ci-info: |   2   | 172.16.42.0 | 0.0.0.0  | 255.255.255.0 |   enp0s8  |   U   |
         Starting LXD - unix socket.
[   64.377504] cloud-init[1060]: ci-info: +-------+-------------+----------+---------------+-----------+-------+
         Starting Docker Socket for the API.
         Starting Socket activation for snappy daemon.
[[0;32m  OK  [0m] Started Daily apt download activities.
[[0;32m  OK  [0m] Started Daily apt upgrade and clean activities.
[[0;32m  OK  [0m] Reached target Timers.
[[0;32m  OK  [0m] Started ACPI Events Check.
[[0;32m  OK  [0m] Reached target Paths.
[[0;32m  OK  [0m] Listening on ACPID Listen Socket.
[[0;32m  OK  [0m] Reached target Cloud-config availability.
[[0;32m  OK  [0m] Listening on LXD - unix socket.
[[0;32m  OK  [0m] Listening on Docker Socket for the API.
[[0;32m  OK  [0m] Listening on Socket activation for snappy daemon.
[[0;32m  OK  [0m] Started iSCSI initiator daemon (iscsid).
         Starting Login to default iSCSI targets...
[[0;32m  OK  [0m] Reached target Sockets.
[[0;32m  OK  [0m] Reached target Basic System.
[[0;32m  OK  [0m] Started FUSE filesystem for LXC.
         Starting LSB: Record successful boot for GRUB...
[[0;32m  OK  [0m] Started D-Bus System Message Bus.
         Starting LXD - container startup/shutdown...
         Starting System Logging Service...
         Starting Accounts Service...
[[0;32m  OK  [0m] Started ACPI event daemon.
         Starting OpenBSD Secure Shell server...
[[0;32m  OK  [0m] Started Regular background program processing daemon.
[[0;32m  OK  [0m] Started Snappy daemon.
         Starting Auto import assertions from block devices...
         Starting Apply the settings specified in cloud-config...
         Starting Docker Application Container Engine...
         Starting LSB: MD monitoring daemon...
         Starting /etc/rc.local Compatibility...
         Starting Login Service...
[[0;32m  OK  [0m] Started Unattended Upgrades Shutdown.
[[0;32m  OK  [0m] Started Deferred execution scheduler.
[[0;32m  OK  [0m] Started System Logging Service.
[[0;32m  OK  [0m] Started OpenBSD Secure Shell server.
[[0;32m  OK  [0m] Started LXD - container startup/shutdown.
[[0;32m  OK  [0m] Started Auto import assertions from block devices.
[[0;32m  OK  [0m] Started /etc/rc.local Compatibility.
[[0;32m  OK  [0m] Started LSB: Record successful boot for GRUB.
[[0;32m  OK  [0m] Started Login to default iSCSI targets.
[   66.727011] cloud-init[1173]: Cloud-init v. 0.7.9 running 'modules:config' at Tue, 08 Aug 2017 04:56:28 +0000. Up 66.53 seconds.
[[0;32m  OK  [0m] Started LSB: MD monitoring daemon.
[[0;32m  OK  [0m] Started Apply the settings specified in cloud-config.
[[0;32m  OK  [0m] Started Login Service.
         Starting Authenticate and Authorize Users to Run Privileged Tasks...
[[0;32m  OK  [0m] Reached target Remote File Systems (Pre).
[[0;32m  OK  [0m] Reached target Remote File Systems.
         Starting LSB: Set the CPU Frequency Scaling governor to "ondemand"...
         Starting LSB: automatic crash report generation...
         Starting LSB: VirtualBox Linux Additions...
         Starting LSB: daemon to balance interrupts for SMP systems...
         Starting Permit User Sessions...
         Starting LSB: Set up cgroupfs mounts....
[[0;32m  OK  [0m] Started Permit User Sessions.
[[0;32m  OK  [0m] Started LSB: Set up cgroupfs mounts..
[[0;32m  OK  [0m] Started Authenticate and Authorize Users to Run Privileged Tasks.
[[0;32m  OK  [0m] Started Accounts Service.
[[0;32m  OK  [0m] Started LSB: Set the CPU Frequency Scaling governor to "ondemand".
[[0;32m  OK  [0m] Started LSB: automatic crash report generation.
[[0;32m  OK  [0m] Created slice User Slice of ubuntu.
         Starting User Manager for UID 1000...
[[0;32m  OK  [0m] Started Session 1 of user ubuntu.
         Starting Hold until boot process finishes up...
         Starting Terminate Plymouth Boot Screen...
[[0;32m  OK  [0m] Started User Manager for UID 1000.
[[0;32m  OK  [0m] Started LSB: VirtualBox Linux Additions.
[[0;32m  OK  [0m] Started LSB: daemon to balance interrupts for SMP systems.
[[0;32m  OK  [0m] Started Hold until boot process finishes up.
[[0;32m  OK  [0m] Started Terminate Plymouth Boot Screen.
[[0;32m  OK  [0m] Started Serial Getty on ttyS0.
[[0;32m  OK  [0m] Started Getty on tty1.
[[0;32m  OK  [0m] Reached target Login Prompts.
         Starting Set console scheme...
[[0;32m  OK  [0m] Started Docker Application Container Engine.
[[0;32m  OK  [0m] Started Set console scheme.
[[0;32m  OK  [0m] Reached target Multi-User System.
         Starting Execute cloud user/final scripts...
[[0;32m  OK  [0m] Reached target Graphical Interface.
         Starting Update UTMP about System Runlevel Changes...
[[0;32m  OK  [0m] Started Update UTMP about System Runlevel Changes.
[   69.467013] cloud-init[1735]: Cloud-init v. 0.7.9 running 'modules:final' at Tue, 08 Aug 2017 04:56:31 +0000. Up 69.30 seconds.
[   69.512614] cloud-init[1735]: Cloud-init v. 0.7.9 finished at Tue, 08 Aug 2017 04:56:31 +0000. Datasource DataSourceNoCloud [seed=/dev/sdb][dsmode=net].  Up 69.45 seconds
[[0;32m  OK  [0m] Started Execute cloud user/final scripts.
[[0;32m  OK  [0m] Reached target Cloud-init target.

Ubuntu 16.04.3 LTS ubuntu-xenial ttyS0

ubuntu-xenial login:          Stopping User Manager for UID 1000...
         Stoppint[[0;32m  OK  [0m] Unmounted /var/lib/lxcfs.
[[0;32m  OK  [0m] Unmounted /var/lib/docker/aufs.
[[0;32m  OK  [0m] Stopped System Logging Service.
[[0;32m  OK  [0m] Stopped Accounts Service.
[[0;32m  OK  [0m] Stopped ACPI event daemon.
[[0;32m  OK  [0m] Stopped OpenBSD Secure Shell server.
[[0;32m  OK  [0m] Stopped Regular background program processing daemon.
[[0;32m  OK  [0m] Stopped Snappy daemon.
[[0;32m  OK  [0m] Stopped Deferred execution scheduler.
[[0;32m  OK  [0m] Stopped Authenticate and Authorize Users to Run Privileged Tasks.
[[0;32m  OK  [0m] Stopped Serial Getty on ttyS0.
[[0;32m  OK  [0m] Stopped Getty on tty1.
[[0;32m  OK  [0m] Stopped User Manager for UID 1000.
[[0;32m  OK  [0m] Stopped Session 2 of user ubuntu.
[[0;32m  OK  [0m] Stopped D-Bus System Message Bus.
[[0;32m  OK  [0m] Stopped LSB: Set up cgroupfs mounts..
[[0;32m  OK  [0m] Stopped Unattended Upgrades Shutdown.
[[0;32m  OK  [0m] Stopped FUSE filesystem for LXC.
[[0;32m  OK  [0m] Stopped LSB: MD monitoring daemon.
[[0;32m  OK  [0m] Stopped LSB: VirtualBox Linux Additions.
[[0;32m  OK  [0m] Stopped LXD - container startup/shutdown.
[[0;32m  OK  [0m] Stopped LSB: Record successful boot for GRUB.
[[0;32m  OK  [0m] Stopped LSB: automatic crash report generation.
[[0;32m  OK  [0m] Stopped Docker Application Container Engine.
[[0;32m  OK  [0m] Stopped LSB: Set the CPU Frequency Scaling governor to "ondemand".
[[0;32m  OK  [0m] Stopped LSB: daemon to balance interrupts for SMP systems.
[[0;32m  OK  [0m] Removed slice User Slice of ubuntu.
         Stopping Login Service...
[[0;32m  OK  [0m] Removed slice system-getty.slice.
[[0;32m  OK  [0m] Stopped /etc/rc.local Compatibility.
         Stopping Permit User Sessions...
[[0;32m  OK  [0m] Removed slice system-serial\x2dgetty.slice.
[[0;32m  OK  [0m] Stopped Login Service.
[[0;32m  OK  [0m] Stopped Permit User Sessions.
[[0;32m  OK  [0m] Stopped target Remote File Systems.
[[0;32m  OK  [0m] Stopped target Remote File Systems (Pre).
         Stopping Login to default iSCSI targets...
[[0;32m  OK  [0m] Stopped target User and Group Name Lookups.
[[0;32m  OK  [0m] Stopped target Basic System.
[[0;32m  OK  [0m] Stopped target Sockets.
[[0;32m  OK  [0m] Closed Docker Socket for the API.
[[0;32m  OK  [0m] Closed Syslog Socket.
[[0;32m  OK  [0m] Closed D-Bus System Message Bus Socket.
[[0;32m  OK  [0m] Closed LXD - unix socket.
[[0;32m  OK  [0m] Closed ACPID Listen Socket.
[[0;32m  OK  [0m] Closed Socket activation for snappy daemon.
[[0;32m  OK  [0m] Closed UUID daemon activation socket.
[[0;32m  OK  [0m] Stopped target Slices.
[[0;32m  OK  [0m] Removed slice User and Session Slice.
[[0;32m  OK  [0m] Stopped target Paths.
[[0;32m  OK  [0m] Stopped Forward Password Requests to Wall Directory Watch.
[[0;32m  OK  [0m] Stopped Dispatch Password Requests to Console Directory Watch.
[[0;32m  OK  [0m] Stopped ACPI Events Check.
[[0;32m  OK  [0m] Stopped target System Initialization.
         Stopping Load/Save Random Seed...
         Stopping Update UTMP about System Boot/Shutdown...
[[0;32m  OK  [0m] Stopped target Encrypted Volumes.
[[0;32m  OK  [0m] Stopped target Swap.
[[0;32m  OK  [0m] Stopped Load/Save Random Seed.
[[0;32m  OK  [0m] Stopped Login to default iSCSI targets.
[[0;32m  OK  [0m] Stopped Update UTMP about System Boot/Shutdown.
[[0;32m  OK  [0m] Stopped Create Volatile Files and Directories.
         Stopping iSCSI initiator daemon (iscsid)...
[[0;32m  OK  [0m] Stopped iSCSI initiator daemon (iscsid).
[[0;32m  OK  [0m] Stopped target Network is Online.
[[0;32m  OK  [0m] Stopped Initial cloud-init job (metadata service crawler).
[[0;32m  OK  [0m] Stopped target Network.
         Stopping Raise network interfaces...
[[0;32m  OK  [0m] Stopped Raise network interfaces.
[[0;32m  OK  [0m] Stopped target Local File Systems.
         Unmounting /run/user/1000...
         Unmounting /vagrant...
[[0;32m  OK  [0m] Stopped target Network (Pre).
[[0;32m  OK  [0m] Stopped Initial cloud-init job (pre-networking).
[[0;32m  OK  [0m] Stopped Apply Kernel Variables.
[[0;32m  OK  [0m] Stopped Load Kernel Modules.
[[0;32m  OK  [0m] Unmounted /run/user/1000.
[[0;32m  OK  [0m] Unmounted /vagrant.
[[0;32m  OK  [0m] Reached target Unmount All Filesystems.
[[0;32m  OK  [0m] Stopped target Local File Systems (Pre).
[[0;32m  OK  [0m] Stopped Create Static Device Nodes in /dev.
         Stopping Monitoring of LVM2 mirrors... dmeventd or progress polling...
[[0;32m  OK  [0m] Stopped Remount Root and Kernel File Systems.
[[0;32m  OK  [0m] Reached target Shutdown.
[  21.4168 rbot:Poerdon
