[    0.000000] Initializing cgou sbsys cpuset
[    0.000000] Initializing cgroup subsys cpu
[    0.000000] Initializing cgroup subsyscpacct
[    0.000000] Linux version 4.4.0-87-generic (buildd@lcy01-31) (gcc versio 54. 201660(Ubuntu5..06ubuntu1~16.04.4) ) #110-Ubuntu SMP Tueul1812:55:35 UTC 201 (butu 4.4.0-87.110-generic 4.4.73)
[    0.000000] Command line: BOOT_IMAGE=/boot/vmlinuz-4.4.0-87-gneicrot=LABEL=cloudimg-rootfs ro console=tty1 cnslettyS0
[   .0000] KERNEL supported cpus:
[    0.000000]  Ite GenuineIntel
[   .00000]   AMD AuthenticAMD
[    0.000000]   Centaur CentaurHauls
[    0.000000] x86/fpu: xstate_offset[2]: 57, state_sizes2]  56
[    0.000000] x86/fpu: Supporting XSAVE feature 0x01: 'x87 floating pontreister'[   0.000000] x86/fpu: Supporting XSAVE fatre0x02: 'SSE registers'
[    0.000000] x86/fpu: uporin XSAVE feature 0x04: 'AVX registers'
[    0.000000] x86/fpu: Enabedxsate features 0x7, context size is 832 bytes, usin 'taard' format.
[    0.000000] x86/fpu: Using 'lazy' FPU context switches.
[    0.000000] e80:BIS-provided physical RAM ma:[   0.000000] BIOS-e820: [mem 0x0000000000000000x00000000009fbff] usable
[    0.0000]BIOSe8: mem x0000000fc00x00000000ffff] esved
[    0.0000 BIOS-e0:[mem x000000000f0000-0x00000000000fffff] reserved
[    0.000000] BIOS-e820: [mem 0x0000000000100000-0x0000000ffffff] usable
[    0.000000] BIOS-e80:[mm x0000003ff000-0x000000003fffffff] ACPI data
[    0.000000] BIOS-e820: [mem 0x00000000fffc00000x000000ffffffff] reserved
[    0.000000] NX (xeut Disable) protection: atie[    0.000000] SMBIOS 2.5 pesent
   0.000000Hypeisr detecd:KVM    0.000] AG:  AGP bridge foud[    000000] e8: ast_p =x3fff0 x_rch_fn  04000000
[   00000MT: Disabd
[  000000] 6/PAT:MTs diabd, skiin PAT initialization too.
[    0.000000] x86PA Configuration [0-7]: WB  WT  UC- UC  WB  WT UCUC 
[    0.000000] CPU MTRRs al bank - virtualized system.
[    0.0000] ound SMP MP-table at [mem 0x000ff0-0x0009fff] maedat[ff80000ff0]
  0.00000Scanning 1 areas for low memory corruption[   0.0000] AMSK: emx36ac20-x37558ff]
[    00000] APIEaly table heksm verificaiodisabed
[    0.000000] ACPI: RSDP 0x00000000E000 000024 (v02 VBOX)
[  0.00000] PI XSDT 0x000000003FFF0030 00003C (v01 VBOX   VBOXXSDT 00000001 ASL 000061)
[   .0000] ACPI: FACP 0x000003FFF00F0 0000F4 (v04 VBOX   VBOXFACP 00000001 ASL  00000061)
[    0.0000] ACPI: DSDT 0x000000003FFF0470 002118 (v01 VBOX   VBOXBOS00000002 INTL 20160108)
[   0.0000] ACPI: FACS 0x000000003FFF0200 000040
[   .0000] ACPI: FACS 0x000000003FFF0200 00004
   0.000000] ACPI: APIC 0000000FFF0240 005 (v0 VX   VXAIC 00000 AL  000061
[    0.000000] ACPI: SSD 000000003FFF2A 001CC (v01VBX  VOXCPUT 00000002 INT 216108)
[  0000000]NoNUMA configraion fou
    0.00000 Fakg  nodeatmem 00000000000-0x000003ffeffff]
[    0.000000] NODEDAA() allocated [mem 0x3ffeb000-0x3ffeffff]
[    0.000000] kvm-clock: Using msrs 4b564d01 and 4b564d00
[    0.000000] kvm-clock: cpu 0, msr 0:3ffe3001, primary cpu clock
[    0.0000 kvm-clock: using sched offset of 348559 cycles
[    0.000000] clocksource: kvm-clock: mask:0xfffffffffffff max_cycles: 0x1cd42e4dffb, max_idle_ns: 819091483 ns
[    0.000000] Zone ranges:
[    0.00000   DA   [mem0x00000000000-00000000ffff
    00000] DM2    me0x0000000010000-x000003ffefff]
[   0.0000]   Norml  empt
   0000]   Deic  empty
   000000] Movable zone start for each node
[    0.000000] Early emry node ranges
[    0.000000]   node   0: [mem0x000000000000-000000000009efff]
[    0.000000]   node   0: me 00000000000100000-0x0000003ffefff
    0.00000 Iitem setup node 0 [mem 0x000000000000100-00000003ffff]
[   000000]CP: PM-im IO Por: x408
[    0.000000] IOAPIC[0]: apic_id 2, version 17, address 0xfec00000, GSI 0-23
[   .00000] ACPI: INT_SRC_OV (us0 us_irq 0 global_irq 2 dflfl
[    00000] ACPI I_SRCVR (bus0 bu_i 9 globl_q 9 highleel)
[   000000] Using ACPI (MADT) for SMP configurationinoration
[    0.000000] smpboot: Allowin 2CPs, 0 hotplug CPUs
[    0.000000] P: egstered nosave memory: [mem 0x00000000-0x00000fff]
[    0.000000]PM Rgistered nosave memory: [mem 0x0009f000-0x0009ffff]
[    0.000000] PM: Registered nosave memory: [mem 0x000a0000-0x000effff][   0.000000] PM: Registered nosave memory: [mem 0x000f0000-0x000fffff]
[    0.000000] e820: [emx4000000xfffbff availlefor I evice
   0000000] Booting parvituizedkeel on KVM
[   .00000] clocksource: refined-jiffies: mask: 0xffffffff max_cycles: 0xffffff,ma_ilens: 7645519600211568 n
[    0.00000] setup_percpu: NR_CPUS:51 n_cumsk_bits:12nrcpu_is: n_nde_ids:1
[   .000000] PERCPU: Embedded 33 pages/cpu @ffff803f00000s926 r192 d28712 u1048576
[    0.000000] PV qpilok hash table entries: 256 (order: 0, 4096 yts)
[    0.000000] Built 1 zonelists in Nodeorder, mobility gouin o.  Toalages:2513
[    00000] liy zone: DMA32
[    0.000000] Kernel comand lne BOT_IMAGE=bot/mlnuz-4.4.0-87-genericro=LBEL=cloudimg-rootfs ro console=tty1 console=ttyS0
  0.000000] PID hash table entries: 406 orr: 3 368bytes)[   0.00000]GP Checkig erture..
[    0.00000] AGPNoAGP bid fund
[  0.00000] Memory: 1001732K/1048120K available (8474K kernel code, 1293K rwdata, 3984K rodata, 1488K init, 1316K bss,468K rseed, 0cm-resered
[    .0000] SLUB Halign=6 Oder=0-3,Mibjec=0CPUs=2,ods=1
  0.0000Hierarchical RCU implementation.
[    0.00000] Build-time adjustment of leaf fanutto64
[    00000] 	RCU restricting CPUs from NR_CPUS=51 t n_cpu_ids=2.
[   .00000] RCUAdustg eomey or rcuanut_laf4, nr_cpid=2
    .00000]NRRQS:30 n_irqs406
[    00000] onle: couVGA+ 0x
[   00000]onle [ty1 enable
   0.000] coso [tyS0]enle
[    0.000000] tsc: Detected 3210.804 MHz processor
[    0.000000] tsc: Marking TSC unstable due to TSCs unsynchronized
[    0.012000] Calibrating delay loop (skipped) preset value.. 6421.60 BogoMIPS (lpj=12843216)
[    0.016010] pid_max: default: 32768 minimum: 301
[    0.020025] ACPI: Core revision 20150930
[    0.025099] ACPI: 2 ACPI AML tables successfully acquired and loaded
[    0.032909] Security Framework initialized
[    0.036005] Yama: becoming mindful.
[    0.040025] AppArmor: AppArmor initialized
[    0.044100] Dentry cache hash table entries: 131072 (order: 8, 1048576 bytes)
[    0.052010] Inode-cache hash table entries: 65536 (order: 7, 524288 bytes)
[    0.056783] Mount-cache hash table entries: 2048 (order: 2, 16384 bytes)
[    0.060011] Mountpoint-cache hash table entries: 2048 (order: 2, 16384 bytes)
[    0.064203] Initializing cgroup subsys io
[    0.068016] Initializing cgroup subsys memory
[    0.072028] Initializing cgroup subsys devices
[    0.076018] Initializing cgroup subsys freezer
[    0.080006] Initializing cgroup subsys net_cls
[    0.084006] Initializing cgroup subsys perf_event
[    0.088008] Initializing cgroup subsys net_prio
[    0.092012] Initializing cgroup subsys hugetlb
[    0.096005] Initializing cgroup subsys pids
[    0.100126] CPU: Physical Processor ID: 0
[    0.104003] CPU: Processor Core ID: 0
[    0.108006] mce: CPU supports 0 MCE banks
[    0.112022] Last level iTLB entries: 4KB 512, 2MB 1024, 4MB 512
[    0.116004] Last level dTLB entries: 4KB 1024, 2MB 1024, 4MB 512, 1GB 0
[    0.122144] Freeing SMP alternatives memory: 32K (ffffffff820b9000 - ffffffff820c1000)
[    0.134215] ftrace: allocating 32128 entries in 126 pages
[    0.144116] smpboot: APIC(0) Converting physical 0 to logical package 0
[    0.148005] smpboot: Max logical packages: 1
[    0.153675] ..TIMER: vector=0x30 apic1=0 pin1=2 apic2=-1 pin2=-1
[    0.160000] smpboot: CPU0: AMD FX-8320E Eight-Core Processor (family: 0x15, model: 0x2, stepping: 0x0)
[    0.169039] Performance Events: Broken PMU hardware detected, using software events only.
[    0.176011] Failed to access perfctr msr (MSR c0010007 is 0)
[    0.180051] KVM setup paravirtual spinlock
[    0.185548] x86: Booting SMP configuration:
[    0.188004] .... node  #0, CPUs:      #1
[    0.012000] kvm-clock: cpu 1, msr 0:3ffe3041, secondary cpu clock
[    0.012000] mce: CPU supports 0 MCE banks
[    0.211411] x86: Booted up 1 node, 2 CPUs
[    0.216010] smpboot: Total of 2 processors activated (12843.21 BogoMIPS)
[    0.220606] devtmpfs: initialized
[    0.226453] evm: security.selinux
[    0.228003] evm: security.SMACK64
[    0.232002] evm: security.SMACK64EXEC
[    0.236002] evm: security.SMACK64TRANSMUTE
[    0.240002] evm: security.SMACK64MMAP
[    0.244002] evm: security.ima
[    0.248002] evm: security.capability
[    0.252197] clocksource: jiffies: mask: 0xffffffff max_cycles: 0xffffffff, max_idle_ns: 7645041785100000 ns
[    0.256033] futex hash table entries: 512 (order: 3, 32768 bytes)
[    0.260123] pinctrl core: initialized pinctrl subsystem
[    0.264160] RTC time:  4:43:44, date: 08/04/17
[    0.269011] NET: Registered protocol family 16
[    0.288028] cpuidle: using governor ladder
[    0.304015] cpuidle: using governor menu
[    0.308033] PCCT header not found.
[    0.312326] ACPI: bus type PCI registered
[    0.316003] acpiphp: ACPI Hot Plug PCI Controller Driver version: 0.5
[    0.320122] PCI: Using configuration type 1 for base access
[    0.324002] PCI: Using configuration type 1 for extended access
[    0.340307] ACPI: Added _OSI(Module Device)
[    0.496015] ACPI: Added _OSI(Processor Device)
[    0.644006] ACPI: Added _OSI(3.0 _SCP Extensions)
[    0.836005] ACPI: Added _OSI(Processor Aggregator Device)
[    1.020763] ACPI: Executed 1 blocks of module-level executable AML code
[    1.250310] ACPI: Interpreter enabled
[    1.360028] ACPI: (supports S0 S5)
[    1.372003] ACPI: Using IOAPIC for interrupt routing
[    1.388230] PCI: Using host bridge windows from ACPI; if necessary, use "pci=nocrs" and report a bug
[    1.636398] ACPI: PCI Root Bridge [PCI0] (domain 0000 [bus 00-ff])
[    1.844027] acpi PNP0A03:00: _OSC: OS supports [ExtendedConfig ASPM ClockPM Segments MSI]
[    2.132029] acpi PNP0A03:00: _OSC failed (AE_NOT_FOUND); disabling ASPM
[    2.392318] PCI host bridge to bus 0000:00
[    2.560017] pci_bus 0000:00: root bus resource [io  0x0000-0x0cf7 window]
[    2.796017] pci_bus 0000:00: root bus resource [io  0x0d00-0xffff window]
[    3.056020] pci_bus 0000:00: root bus resource [mem 0x000a0000-0x000bffff window]
[    3.328019] pci_bus 0000:00: root bus resource [mem 0x40000000-0xffdfffff window]
[    3.588018] pci_bus 0000:00: root bus resource [bus 00-ff]
[    3.784805] pci 0000:00:01.1: legacy IDE quirk: reg 0x10: [io  0x01f0-0x01f7]
[    4.044017] pci 0000:00:01.1: legacy IDE quirk: reg 0x14: [io  0x03f6]
[    4.248016] pci 0000:00:01.1: legacy IDE quirk: reg 0x18: [io  0x0170-0x0177]
[    4.460017] pci 0000:00:01.1: legacy IDE quirk: reg 0x1c: [io  0x0376]
[    4.562055] ACPI: PCI Interrupt Link [LNKA] (IRQs 5 9 10 11) *0, disabled.
[    4.784293] ACPI: PCI Interrupt Link [LNKB] (IRQs 5 9 10 *11)
[    4.948513] ACPI: PCI Interrupt Link [LNKC] (IRQs 5 9 *10 11)
[    5.168093] ACPI: PCI Interrupt Link [LNKD] (IRQs 5 *9 10 11)
[    5.352158] ACPI: Enabled 2 GPEs in block 00 to 07
[    5.488367] vgaarb: setting as boot device: PCI:0000:00:02.0
[    5.492000] vgaarb: device added: PCI:0000:00:02.0,decodes=io+mem,owns=io+mem,locks=none
[    5.888015] vgaarb: loaded
[    5.984011] vgaarb: bridge control possible 0000:00:02.0
[    6.180376] SCSI subsystem initialized
[    6.276134] ACPI: bus type USB registered
[    6.416080] usbcore: registered new interface driver usbfs
[    6.608052] usbcore: registered new interface driver hub
[    6.788077] usbcore: registered new device driver usb
[    6.952186] PCI: Using ACPI for IRQ routing
[    7.116313] NetLabel: Initializing
[    7.164003] NetLabel:  domain hash size = 128
[    7.188002] NetLabel:  protocols = UNLABELED CIPSOv4
[    7.212014] NetLabel:  unlabeled traffic allowed by default
[    7.260079] amd_nb: Cannot enumerate AMD northbridges
[    7.416069] clocksource: Switched to clocksource kvm-clock
[    7.657667] AppArmor: AppArmor Filesystem Enabled
[    7.809186] pnp: PnP ACPI init
[    7.827854] pnp: PnP ACPI: found 3 devices
[    7.867998] clocksource: acpi_pm: mask: 0xffffff max_cycles: 0xffffff, max_idle_ns: 2085701024 ns
[    8.001257] NET: Registered protocol family 2
[    8.120023] TCP established hash table entries: 8192 (order: 4, 65536 bytes)
[    8.510042] TCP bind hash table entries: 8192 (order: 5, 131072 bytes)
[    8.829990] TCP: Hash tables configured (established 8192 bind 8192)
[    9.099365] UDP hash table entries: 512 (order: 2, 16384 bytes)
[    9.307860] UDP-Lite hash table entries: 512 (order: 2, 16384 bytes)
[    9.490568] NET: Registered protocol family 1
[    9.639884] pci 0000:00:00.0: Limiting direct PCI/PCI transfers
[    9.818768] pci 0000:00:01.0: Activating ISA DMA hang workarounds
[   10.016845] Unpacking initramfs...
[   12.014925] Freeing initrd memory: 10844K (ffff880036ac2000 - ffff880037559000)
[   12.252538] clocksource: tsc: mask: 0xffffffffffffffff max_cycles: 0x2e4828341c3, max_idle_ns: 440795232867 ns
[   12.563354] platform rtc_cmos: registered platform RTC device (no PNP device found)
[   12.801048] Scanning for low memory corruption every 60 seconds
[   12.993274] audit: initializing netlink subsys (disabled)
[   13.093989] audit: type=2000 audit(1501821826.852:1): initialized
[   13.198428] Initialise system trusted keyring
[   13.209166] HugeTLB registered 2 MB page size, pre-allocated 0 pages
[   13.219110] zbud: loaded
[   13.229173] VFS: Disk quotas dquot_6.6.0
[   13.230805] VFS: Dquot-cache hash table entries: 512 (order 0, 4096 bytes)
[   13.233734] squashfs: version 4.0 (2009/01/31) Phillip Lougher
[   3.36474 fe itAPversi 73)
[   13.695653] Key type big_key registered
[   13.761872] Allocating IMA MOK and blacklist keyrings.
[   13.815732] Key type asymmetric registered
[   13.887174] Asymmetric key parser 'x509' registered
[   14.031190] Block layer SCSI generic (bsg) driver version 0.4 loaded (major 249)
[   14.274188] io scheduler noop registered
[   14.398027] io scheduler deadline registered (default)
[   14.552416] io scheduler cfq registered
[   14.664041] pci_hotplug: PCI Hot Plug PCI Core version: 0.5
[   14.816966] pciehp: PCI Express Hot Plug Controller Driver version: 0.4
[   14.926021] ACPI: AC Adapter [AC] (on-line)
[   15.121189] input: Power Button as /devices/LNXSYSTM:00/LNXPWRBN:00/input/input0
[   15.532286] ACPI: Power Button [PWRF]
[   15.707928] input: Sleep Button as /devices/LNXSYSTM:00/LNXSLPBN:00/input/input1
[   15.920088] ACPI: Sleep Button [SLPF]
[   16.050306] GHES: HEST is not enabled!
[   16.196002] Serial: 8250/16550 driver, 32 ports, IRQ sharing enabled
ÿ[   16.333043] 00:02: ttyS0 at I/O 0x3f8 (irq = 4, base_baud = 115200) is a 16550A
[   16.476005] Linux agpgart interface v0.103
[   16.583744] loop: module loaded
[ 1679836] scsi host0: ata_piix
[   16.841050] scsi host1: ata_piix
[   16.844622] ata1: PATA max UDMA/33 cmd 0x1f0 ctl 0x3f6 bmdma 0xd000 irq 14
[   17.077932] ata2: PATA max UDMA/33 cmd 0x170 ctl 0x376 bmdma 0xd008 irq 15
[   17.400125] libphy: Fixed MDIO Bus: probed
[   17.431781] tun: Universal TUN/TAP device driver, 1.6
[   17.476173] tun: (C) 1999-2004 Max Krasnyansky <maxk@qualcomm.com>
[   17.498721] PPP generic driver version 2.4.2
[   17.521253] ehci_hcd: USB 2.0 'Enhanced' Host Controller (EHCI) Driver
[   17.670338] ehci-pci: EHCI PCI platform driver
[   17.813118] ehci-platform: EHCI generic platform driver
[   17.972638] ohci_hcd: USB 1.1 'Open' Host Controller (OHCI) Driver
[   18.263883] ohci-pci: OHCI PCI platform driver
[   18.407458] ohci-platform: OHCI generic platform driver
[   18.578160] uhci_hcd: USB Universal Host Controller Interface driver
[   18.827173] i8042: PNP: PS/2 Controller [PNP0303:PS2K,PNP0f03:PS2M] at 0x60,0x64 irq 1,12
[   19.221006] serio: i8042 KBD port at 0x60,0x64 irq 1
[   19.467313] serio: i8042 AUX port at 0x60,0x64 irq 12
[   19.644038] mousedev: PS/2 mouse device common for all mice
[   19.807531] input: AT Translated Set 2 keyboard as /devices/platform/i8042/serio0/input/input2
[   19.812170] rtc_cmos rtc_cmos: rtc core: registered rtc_cmos as rtc0
[   19.812352] rtc_cmos rtc_cmos: alarms up to one day, 114 bytes nvram
[   19.812384] i2c /dev entries driver
[   19.812580] device-mapper: uevent: version 1.0.3
[   19.812756] device-mapper: ioctl: 4.34.0-ioctl (2015-10-28) initialised: dm-devel@redhat.com
[   19.812793] ledtrig-cpu: registered to indicate activity on CPUs
[   19.813564] NET: Registered protocol family 10
[   19.813918] NET: Registered protocol family 17
[   19.813931] Key type dns_resolver registered
[   19.814214] microcode: CPU0: patch_level=0x06000626
[   19.813822] microcode: CPU1: patch_level=0x06000626
[   19.964630] microcode: Microcode Update Driver: v2.01 <tigran@aivazian.fsnet.co.uk>, Peter Oruba
[   19.964811] registered taskstats version 1
[   19.964825] Loading compiled-in X.509 certificates
[   19.965684] Loaded X.509 cert 'Build time autogenerated kernel key: 713bc24ccc5bf0d11d706d6f5bf7187ed23f7b25'
[   19.965713] zswap: loaded using pool lzo/zbud
[   19.967540] Key type trusted registered
[   19.970751] Key type encrypted registered
[   19.970756] AppArmor: AppArmor sha1 policy hashing enabled
[   19.970760] ima: No TPM chip found, activating TPM-bypass!
[   19.970792] evm: HMAC attrs: 0x1
[   19.971090]   Magic number: 13:417:716
[   20.122169] rtc_cmos rtc_cmos: setting system clock to 2017-08-04 04:44:04 UTC (1501821844)
[   20.122368] BIOS EDD facility v0.16 2004-Jun-25, 0 devices found
[   20.122369] EDD information not available.
[   23.558266] Freeing unused kernel memory: 1488K (ffffffff81f45000 - ffffffff820b9000)
[   23.693625] Write protecting the kernel read-only data: 14336k
[   23.779322] Freeing unused kernel memory: 1756K (ffff880001849000 - ffff880001a00000)
[   23.801914] Freeing unused kernel memory: 112K (ffff880001de4000 - ffff880001e00000)
Loading, please [   23.848342] random: systemd-udevd: uninitialized urandom read (16 bytes read, 4 bits of entropy available)
wait...
startin[   23.849322] random: udevadm: uninitialized urandom read (16 bytes read, 4 bits of entropy available)
g version 229
[   23.849396] random: udevadm: uninitialized urandom read (16 bytes read, 4 bits of entropy available)
[   23.849639] random: udevadm: uninitialized urandom read (16 bytes read, 4 bits of entropy available)
[   23.849734] random: udevadm: uninitialized urandom read (16 bytes read, 4 bits of entropy available)
[   23.849807] random: udevadm: uninitialized urandom read (16 bytes read, 4 bits of entropy available)
[   23.849882] random: udevadm: uninitialized urandom read (16 bytes read, 4 bits of entropy available)
[   23.849953] random: udevadm: uninitialized urandom read (16 bytes read, 4 bits of entropy available)
[   23.850020] random: udevadm: uninitialized urandom read (16 bytes read, 4 bits of entropy available)
[   23.850092] random: udevadm: uninitialized urandom read (16 bytes read, 4 bits of entropy available)
[   24.534130] e1000: Intel(R) PRO/1000 Network Driver - version 7.3.21-k8-NAPI
[   24.581156] e1000: Copyright (c) 1999-2006 Intel Corporation.
[   24.651751] Fusion MPT base driver 3.04.20
[   24.665530] Copyright (c) 1999-2008 LSI Corporation
[   24.695168] AVX version of gcm_enc/dec engaged.
[   24.740626] AES CTR mode by8 optimization enabled
[   24.769451] Fusion MPT SPI Host driver 3.04.20
[   24.905470] input: ImExPS/2 Generic Explorer Mouse as /devices/platform/i8042/serio1/input/input4
[   25.070737] e1000 0000:00:03.0 eth0: (PCI:33MHz:32-bit) 02:d9:2e:d9:94:c0
[   25.169848] e1000 0000:00:03.0 eth0: Intel(R) PRO/1000 Network Connection
[   25.237852] mptbase: ioc0: Initiating bringup
[   25.360131] ioc0: LSI53C1030 A0: Capabilities={Initiator}
[   25.589713] scsi host2: ioc0: LSI53C1030 A0, FwRev=00000000h, Ports=1, MaxQ=256, IRQ=20
[   26.045858] scsi 2:0:0:0: Direct-Access     VBOX     HARDDISK         1.0  PQ: 0 ANSI: 5
[   26.218395] scsi target2:0:0: Beginning Domain Validation
[   26.326321] scsi target2:0:0: Domain Validation skipping write tests
[   26.426045] e1000 0000:00:08.0 eth1: (PCI:33MHz:32-bit) 08:00:27:74:e4:15
[   26.426053] e1000 0000:00:08.0 eth1: Intel(R) PRO/1000 Network Connection
[   26.587452] e1000 0000:00:03.0 enp0s3: renamed from eth0
[   26.880516] scsi target2:0:0: Ending Domain Validation
[   26.970515] scsi target2:0:0: asynchronous
[   27.656536] floppy0: no floppy controllers found
[   27.656626] work still pending
[   27.693353] scsi 2:0:1:0: Direct-Access     VBOX     HARDDISK         1.0  PQ: 0 ANSI: 5
[   27.722483] scsi target2:0:1: Beginning Domain Validation
[   27.724667] e1000 0000:00:08.0 enp0s8: renamed from eth1
[   27.730176] scsi target2:0:1: Domain Validation skipping write tests
[   27.741263] scsi target2:0:1: Ending Domain Validation
[   27.742903] scsi target2:0:1: asynchronous
[   27.758618] sd 2:0:0:0: Attached scsi generic sg0 type 0
[   27.841708] sd 2:0:0:0: [sda] 20971520 512-byte logical blocks: (10.7 GB/10.0 GiB)
[   27.889238] sd 2:0:1:0: [sdb] 20480 512-byte logical blocks: (10.5 MB/10.0 MiB)
[   27.889252] sd 2:0:1:0: Attached scsi generic sg1 type 0
[   28.026994] sd 2:0:0:0: [sda] Write Protect is off
[   28.027386] sd 2:0:0:0: [sda] Incomplete mode parameter data
[   28.027389] sd 2:0:0:0: [sda] Assuming drive cache: write through
[   28.035192]  sda: sda1
[   28.036754] sd 2:0:0:0: [sda] Attached SCSI disk
[   28.551143] sd 2:0:1:0: [sdb] Write Protect is off
[   28.555181] sd 2:0:1:0: [sdb] Incomplete mode parameter data
[   28.565870] sd 2:0:1:0: [sdb] Assuming drive cache: write through
[   28.579212] sd 2:0:1:0: [sdb] Attached SCSI disk
Begin: Loading e[   30.138540] md: linear personality registered for level -1
ssential drivers[   30.244664] md: multipath personality registered for level -4
 ... [   30.419013] md: raid0 personality registered for level 0
[   30.514802] md: raid1 personality registered for level 1
[   30.776081] raid6: sse2x1   gen()  3576 MB/s
[   30.868080] raid6: sse2x1   xor()  2165 MB/s
[   31.020185] raid6: sse2x2   gen()  4739 MB/s
[   31.164124] raid6: sse2x2   xor()  2756 MB/s
[   31.320069] raid6: sse2x4   gen()  5352 MB/s
[   31.456110] raid6: sse2x4   xor()  2529 MB/s
[   31.498907] raid6: using algorithm sse2x4 gen() 5352 MB/s
[   31.536732] raid6: .... xor() 2529 MB/s, rmw enabled
[   31.636654] raid6: using ssse3x2 recovery algorithm
[   31.706110] xor: automatically using best checksumming function:
[   31.924089]    avx       :  6602.000 MB/sec
[   32.041975] async_tx: api initialized (async)
[   32.091500] md: raid6 personality registered for level 6
[   32.112763] md: raid5 personality registered for level 5
[   32.128835] md: raid4 personality registered for level 4
[   32.150514] md: raid10 personality registered for level 10
done.
Begin: Running /scripts/init-premount ... done.
Begin: Mounting root file[   32.218016] Btrfs loaded
 system ... Begin: Running /scripts/local-top ... done.
Begin: Running /scripts/local-premount ... Scanning for Btrfs filesystems
done.
Warning: fsck no[   32.348747] EXT4-fs (sda1): mounted filesystem with ordered data mode. Opts: (null)
t present, so skipping root file system
done.
Begin: Running /scripts/local-bottom ... done.
Begin: Running /scripts/init-bottom ... done.
[   32.762019] systemd[1]: systemd 229 running in system mode. (+PAM +AUDIT +SELINUX +IMA +APPARMOR +SMACK +SYSVINIT +UTMP +LIBCRYPTSETUP +GCRYPT +GNUTLS +ACL +XZ -LZ4 +SECCOMP +BLKID +ELFUTILS +KMOD -IDN)
[   33.348272] systemd[1]: Detected virtualization oracle.
[   33.529650] systemd[1]: Detected architecture x86-64.

Welcome to [1mUbuntu 16.04.3 LTS[0m!

[   33.721021] systemd[1]: Set hostname to <ubuntu>.
[   33.872223] systemd[1]: Initializing machine ID from random generator.
[   34.103718] systemd[1]: Installed transient /etc/machine-id file.
[   34.428253] systemd[1]: Listening on LVM2 metadata daemon socket.
[[0;32m  OK  [0m] Listening on LVM2 metadata daemon socket.
[   34.584775] systemd[1]: Created slice System Slice.
[[0;32m  OK  [0m] Created slice System Slice.
[   34.758769] systemd[1]: Created slice system-serial\x2dgetty.slice.
[[0;32m  OK  [0m] Created slice system-serial\x2dgetty.slice.
[   34.984179] systemd[1]: Listening on Journal Socket (/dev/log).
[[0;32m  OK  [0m] Listening on Journal Socket (/dev/log).
[   35.144427] systemd[1]: Listening on udev Kernel Socket.
[[0;32m  OK  [0m] Listening on udev Kernel Socket.
[   35.469833] systemd[1]: Created slice User and Session Slice.
[[0;32m  OK  [0m] Created slice User and Session Slice.
[   35.760767] systemd[1]: Set up automount Arbitrary Executable File Formats File System Automount Point.
[[0;32m  OK  [0m] Set up automount Arbitrary Executab...ats File System Automount Point.
[   36.087399] systemd[1]: Listening on Device-mapper event daemon FIFOs.
[[0;32m  OK  [0m] Listening on Device-mapper event daemon FIFOs.
[   36.379541] systemd[1]: Listening on Syslog Socket.
[[0;32m  OK  [0m] Listening on Syslog Socket.
[  35700syemd[: ard rwd ssrdeqsttoalDicty tch.
[[0;32m  OK  [0m] Started Forward Password Requests to Wall Directory Watch.
[   37.608181] systemd[1]: Started Trigger resolvconf update for networkd DNS.
[[0;32m  OK  [0m] Started Trigger resolvconf update for networkd DNS.
[ 37288]ysmd]:eaedart ap
[[0;32m  OK  [0m] Reached target Swap.
[ 38840]ysmd]:isni oJonaSoet
[[0;32m  OK  [0m] Listening on Journal Socket.
[   39.600257] systemd[1]: Mounting Debug File System...
[   39.656795] random: nonblocking pool is initialized
         Mounting Debug File System...
[   39.712884] systemd[1]: Starting Nameserver information manager...
         Starting Nameserver information manager...
[   39.932490] systemd[1]: Starting Uncomplicated firewall...
         Starting Uncomplicated firewall...
[   40.108492] systemd[1]: Starting Create list of required static device nodes for the current kernel...
         Starting Create list of required st... nodes for the current kernel...
[   40.296374] systemd[1]: Mounting Huge Pages File System...
         Mounting Huge Pages File System...
[  44216] systmd]:isni oLV pl daeonocket
[[0;32m  OK  [0m] Listening on LVM2 poll daemon socket.
[ 41096]ysmd]:eaedargeUs a Gupame oks.
[[0;32m  OK  [0m] Reached target User and Group Name Lookups.
[ 42324]ysmd]:eaedart lice
[[0;32m  OK  [0m] Reached target Slices.
[   42.676378] systemd[1]: Mounting POSIX Message Queue File System...
         Mounting POSIX Message Queue File System...
[   42.846851]syem1] ListinondeCoroSoet

[[0;32m  OK  [0m] Listening on udev Control Socket.
[   43.492776] systemd[1]: Starting Remount Root and Kernel File Systems...
[   43.499849] EXT4-fs (sda1): re-mounted. Opts: (null)
         Starting Remount Root and Kernel File Systems...
[   43.549215] systemd[1]: Listening on /dev/initctl Compatibility Named Pipe.
[[0;32m  OK  [0m] Listening on /dev/initctl Compatibility Named Pipe.
[   43.592488] systemd[1]: Starting Monitoring of LVM2 mirrors, snapshots etc. using dmeventd or progress polling...
         Starting Monitoring of LVM2 mirrors... dmeventd or progress polling...
[   43.984440] systemd[1]: Starting Load Kernel Modules...
         Starting Load Ke[   44.024097] Loading iSCSI transport class v2.0-870.
rnel Modules...[   44.115636] iscsi: registered transport (tcp)

[   44.199488] systemd[1]: Reached target Encrypted Volumes.
[[0;32m  OK  [0m] Reached target Encrypted Vol[   44.234050] iscsi: registered transport (iser)
umes.
[   44.268341] systemd[1]: Listening on Journal Audit Socket.
[[0;32m  OK  [0m] Listening on Journal Audit Socket.
[   44.412714] systemd[1]: Starting Journal Service...
         Starting Journal Service...
[   44.600809] systemd[1]: Starting Set console keymap...
         Starting Set console keymap...
[   44.734222] systemd[1]: Mounted Huge Pages File System.
[[0;32m  OK  [0m] Mounted Huge Pages File System.
[   44.860315] systemd[1]: Mounted POSIX Message Queue File System.
[[0;32m  OK  [0m] Mounted POSIX Message Queue File System.
[   44.908354] systemd[1]: Mounted Debug File System.
[[0;32m  OK  [0m] Mounted Debug File System.
[   45.088520] systemd[1]: Started Journal Service.
[[0;32m  OK  [0m] Started Journal Service.
[[0;32m  OK  [0m] Started Uncomplicated firewall.
[[0;32m  OK  [0m] Started Create list of required sta...ce nodes for the current kernel.
[[0;32m  OK  [0m] Started Remount Root and Kernel File Systems.
[[0;32m  OK  [0m] Started Load Kernel Modules.
[[0;32m  OK  [0m] Started Set console keymap.
[[0;32m  OK  [0m] Started Nameserver information manager.
[[0;32m  OK  [0m] Started LVM2 metadata daemon.
         Starting Apply Kernel Variables...
         Mounting FUSE Control File System...
         Starting Initial cloud-init job (pre-networking)...
         Starting udev Coldplug all Devices...
         Starting Load/Save Random Seed...
         Starting Create Static Device Nodes in /dev...
         Starting Flush Journal to Persistent Storage...
[[0;32m  OK  [0m] Mounted FUSE Control File System.
[[0;32m  OK  [0m] Started Monitoring of LVM2 mirrors,...ng dmeventd or progress polling.
[[0;32m  OK  [0m] Started Apply Kernel Variables.
[[0;32m  OK  [0m] Started Load/Save Random Seed.
[[0;32m  OK  [0m] Started Create Static Device Nodes in /dev.
[[0;32m  OK  [0m] Started udev Coldplug all Devices.
[[0;32m  OK  [0m] Started Flush Journal to Persistent Storage.
         Starting udev Kernel Device Manager...
[[0;32m  OK  [0m] Started udev Kernel Device Manager.
[[0;32m  OK  [0m] Reached target Local File Systems (Pre).
[[0;32m  OK  [0m] Reached target Local File Systems.
         Starting Create Volatile Files and Directories...
         Starting Commit a transient machine-id on disk...
         Starting Tell Plymouth To Write Out Runtime Data...
         Starting Set console font and keymap...
         Starting LSB: AppArmor initialization...
[[0;32m  OK  [0m] Started Dispatch Password Requests to Console Directory Watch.
[[0;32m  OK  [0m] Started Create Volatile Files and Directories.
[   47.254195] cloud-init[448]: Cloud-init v. 0.7.9 running 'init-local' at Fri, 04 Aug 2017 04:44:31 +0000. Up 46.79 seconds.
[[0;32m  OK  [0m] Started Commit a transient machine-id on disk.
[[0;32m  OK  [0m] Started Tell Plymouth To Write Out Runtime Data.
[[0;32m  OK  [0m] Started Initial cloud-init job (pre-networking).
[[0;32m  OK  [0m] Found device /dev/ttyS0.
[[0;32m  OK  [0m] Listening on Load/Save RF Kill Switch Status /dev/rfkill Watch.
[[0;32m  OK  [0m] Reached target Network (Pre).
[[0;32m  OK  [0m] Reached target System Time Synchronized.
         Starting Update UTMP about System Boot/Shutdown...
[[0;32m  OK  [0m] Started Set console font and keymap.
[[0;32m  OK  [0m] Created slice system-getty.slice.
[[0;32m  OK  [0m] Started Update UTMP about System Boot/Shutdown.
[[0;32m  OK  [0m] Started LSB: AppArmor initialization.
         Starting Raise network interfaces...
[[0;32m  OK  [0m] Started Raise network interfaces.
[[0;32m  OK  [0m] Reached target Network.
         Starting Initial cloud-init job (metadata service crawler)...
[   51.323541] cloud-init[945]: Cloud-init v. 0.7.9 running 'init' at Fri, 04 Aug 2017 04:44:35 +0000. Up 50.49 seconds.
[   51.412752] cloud-init[945]: ci-info: ++++++++++++++++++++++++++++++++++++++Net device info++++++++++++++++++++++++++++++++++++++
[   51.413141] cloud-init[945]: ci-info: +--------+-------+----------------------------+---------------+-------+-------------------+
[[0;32m  OK  [0m] Started Initial cloud-init job (metadata service crawler).
[   51.413351] cloud-init[945]: ci-info: | Device |   Up  |          Address           |      Mask     | Scope |     Hw-Address    |
[   51.595397] cloud-init[945]: ci-info: +--------+-------+----------------------------+---------------+-------+-------------------+
[   51.626249] cloud-init[945]: ci-info: |   lo   |  True |         127.0.0.1          |   255.0.0.0   |   .   |         .         |
[   51.626660] cloud-init[945]: ci-info: |   lo   |  True |          ::1/128           |       .       |  host |         .         |
[[0;32m  OK  [0m] Reached target Network is Online.
[   51.626932] cloud-init[945]: ci-info: | enp0s3 |  True |         10.0.2.15          | 255.255.255.0 |   .   | 02:d9:2e:d9:94:c0 |
[   52.000564]          cloud-initStarting iSCSI initiator daemon (iscsid)...[945]: 
ci-info: | enp0s3 |  True | fe80::d9:2eff:fed9:94c0/64 |       .       |  link | 02:d9:2e:d9:94:c0 |
[   52.024648] [cloud-init[0;32m  OK  [0m[945]: ] ci-info: | enp0s8 | False |             .              |       .       |   .   | 08:00:27:74:e4:15 |Reached target System Initialization.

[[0;32m  OK  [0m] Started Daily apt download activities.
[[0;32m  OK  [0m] Listening on UUID daemon activation socket.
[   52.025394] cloud-init[945]: ci-info: +--------+-------+----------------------------+---------------+-------+-------------------+
[   52.360590]          cloud-initStarting Socket activation for snappy daemon.[945]: 
ci-info: +++++++++++++++++++++++++++Route IPv4 info++++++++++++++++++++++++++++
[   52.448680]          cloud-initStarting LXD - unix socket.[945]: 
ci-info: +-------+-------------+----------+---------------+-----------+-------+
[   52.524576] [cloud-init[0;32m  OK  [0m[945]: ] ci-info: | Route | Destination | Gateway  |    Genmask    | Interface | Flags |Listening on D-Bus System Message Bus Socket.

[[0;32m  OK  [0m] Started Daily Cleanup of Temporary Directories.
[   52.525307] cloud-init[945]: ci-info: +-------+-------------+----------+---------------+-----------+-------+
[   52.800638] [cloud-init[0;32m  OK  [0m[945]: ] ci-info: |   0   |   0.0.0.0   | 10.0.2.2 |    0.0.0.0    |   enp0s3  |   UG  |Started Daily apt upgrade and clean activities.

[   52.801422] cloud-init[945]: ci-info: |   1   |   10.0.2.0  | 0.0.0.0  | 255.255.255.0 |   enp0s3  |   U   |
[   52.986815] [cloud-init[0;32m  OK  [0m[945]: ] ci-info: +-------+-------------+----------+---------------+-----------+-------+Started ACPI Events Check.

[[0;32m  OK  [0m] Reached target Paths.
[[0;32m  OK  [0m] Started Timer to automatically refresh installed snaps.
[   52.987480] cloud-init[945]: Generating public/private rsa key pair.
[   53.267100] [cloud-init[0;32m  OK  [0m[945]: ] Your identification has been saved in /etc/ssh/ssh_host_rsa_key.Reached target Timers.

[[0;32m  OK  [0m] Listening on ACPID Listen Socket.
[[0;32m  OK  [0m] Reached target Cloud-config availability.
[   53.267816] cloud-init[945]: Your public key has been saved in /etc/ssh/ssh_host_rsa_key.pub.
[   53.490269] [cloud-init[0;32m  OK  [0m[945]: ] The key fingerprint is:Listening on Socket activation for snappy daemon.

[[0;32m  OK  [0m] Listening on LXD - unix socket.
[[0;32m  OK  [0m] Started iSCSI initiator daemon (iscsid).
[   53.491039] cloud-init[945]: SHA256:M7IkrP507ym/ycAZsPnjyi9Szu12qkUmdGGipHtIaSc root@ubuntu-xenial
[   53.620543]          cloud-initStarting Login to default iSCSI targets...[945]: 
The key's randomart image is:
[[0;32m  OK  [0m] Reached target Sockets.
[[0;32m  OK  [0m] Reached target Basic System.
[   53.621137] cloud-init[945]: +---[RSA 2048]----+
[   53.758597] cloud-init[945]: |  . . o          |
[   53.759104] cloud-init[945]: | o.. o .         |
[[0;32m  OK  [0m] Started FUSE filesystem for LXC.
[   53.759354] cloud-init[945]: |.E..o .          |
[[0;32m  OK  [0m] Started Deferred execution scheduler.
[[0;32m  OK  [0m] Started Unattended Upgrades Shutdown.
[   53.909597] cloud-init[945]: |oooo =           |
[   54.028794] cloud-init[945]: |o . * * S        |
[   54.029265] cloud-init[945]: | . ..O = o       |
         Starting LSB: MD monitoring daemon...
[   54.029528] cloud-init[945]: |  .+..X          |
[   54.200815] cloud-init[945]: | ..o+++=.o       |
[   54.201295] cloud-init[945]: |  .o=B=*O.       |
[[0;32m  OK  [0m] Started ACPI event daemon.
[   54.201544] cloud-init[945]: +----[SHA256]-----+
[   54.272579]          cloud-initStarting /etc/rc.local Compatibility...[945]: 
Generating public/private dsa key pair.
         Starting Pollinate to seed the pseudo random number generator...
[   54.380120] cloud-init[945]: Your identification has been saved in /etc/ssh/ssh_host_dsa_key.
[   54.481907] [[0;32m  OK  [0m] Started D-Bus System Message Bus.
cloud-init[945]: Your public key has been saved in /etc/ssh/ssh_host_dsa_key.pub.
[   54.540619]          cloud-initStarting LSB: Record successful boot for GRUB...[945]: 
The key fingerprint is:
[   54.587444] cloud-init[945]: SHA256:IavuHxOIH31uRc91i/whfWDy2mbUXRT5svAvqnZ/cTI root@ubuntu-xenial
[   54.587837] cloud-init[945]: The key's randomart image is:
         Starting System Logging Service...
[   54.588057] cloud-init[945]: +---[DSA 1024]----+
[   54.740660] cloud-init[945]: |               .+|
[   54.741015] cloud-init[945]: |               o |
[[0;32m  OK  [0m] Started Snappy daemon.
[   54.741255] cloud-init[945]: |      . . . . + +|
[   54.884533] [[0;32m  OK  [0m] Started Regular background program processing daemon.
cloud-init[945]: |   . o o o oo=++=|
[   54.953554]          cloud-init[945]: Starting Auto import assertions from block devices...|  . o + S . o*o*+|

[   54.954269] cloud-init[945]: |   . o + .   +E.+|
         Starting Login Service...
[   55.036557] cloud-init[945]: |    o o o   . +=o|
         Starting Apply the settings specified in cloud-config...
[   55.110200] cloud-init[945]: |   .   +  . .o. o|
         Starting LXD - container startup/shutdown...
[   55.166414] cloud-init[945]: |   .o..  ..o.o.o |
         Starting Accounts Service...
[[0;32m  OK  [0m] Started System Logging Service.
[[0;32m  OK  [0m] Started /etc/rc.local Compatibility.
[[0;32m  OK  [0m] Started Pollinate to seed the pseudo random number generator.
[[0;32m  OK  [0m] Started Auto import assertions from block devices.
[[0;32m  OK  [0m] Started LXD - container startup/shutdown.
[   55.246133] cloud-init[945]: +----[SHA256]-----+
[   55.504467] cloud-init[945]: Generating public/private ecdsa key pair.
[[0;32m  OK  [0m] Started Login to default iSCSI targets.
[   55.571165] cloud-init[945]: Your identification has been saved in /etc/ssh/ssh_host_ecdsa_key.
[   55.697224] cloud-init[945]: Your public key has been saved in /etc/ssh/ssh_host_ecdsa_key.pub.
[   55.697437] cloud-init[945]: The key fingerprint is:
[[0;32m  OK  [0m] Started LSB: MD monitoring daemon.
[   55.697541] cloud-init[945]: SHA256:3f/eMHNwru2cSDcsFW1UaxfZtUjyIH4FQdyqTCcQU7o root@ubuntu-xenial
[   55.916663] cloud-init[945]: The key's randomart image is:
[[0;32m  OK  [0m] Started LSB: Record successful boot for GRUB.
[   55.952034] cloud-init[945]: +---[ECDSA 256]---+
[   56.040729] cloud-init[945]: |       oooo*+o .O|
[   56.084572] cloud-init[945]: |       .+ ..*..o*|
[   56.116754] cloud-init[945]: |       ... ..o =+|
[[0;32m  OK  [0m] Started Login Service.
[   56.149256] cloud-init[945]: |        .+.+  ..o|
[   56.214407]          cloud-initStarting Authenticate and Authorize Users to Run Privileged Tasks...[945]: 
|       ES = . ...|
[[0;32m  OK  [0m] Reached target Remote File Systems (Pre).
[[0;32m  OK  [0m] Reached target Remote File Systems.
[   56.301300] cloud-init[945]: |         o   .o+ |
         Starting LSB: automatic crash report generation...
[   56.419110] cloud-init[945]: |             o=+o|
[   56.500775] cloud-init[945]: |            . +X+|
         Starting Permit User Sessions...
[   56.551685] cloud-init[945]: |             ..+B|
         Starting LSB: Set the CPU Frequency Scaling governor to "ondemand"...
[   56.656703] cloud-init[945]: +----[SHA256]-----+
[   56.736741] cloud-init[945]: Generating public/private ed25519 key pair.
[   56.737071] cloud-init[945]: Your identification has been saved in /etc/ssh/ssh_host_ed25519_key.
         Starting LSB: daemon to balance interrupts for SMP systems...
[   56.737226] cloud-init[945]: Your public key has been saved in /etc/ssh/ssh_host_ed25519_key.pub.
[   56.980725]          cloud-initStarting LSB: VirtualBox Linux Additions...[945]: 
The key fingerprint is:
         Starting OpenBSD Secure Shell server...
[   57.034794] cloud-init[945]: SHA256:B4Hfb5ojW5moBBvVn1RECr1CriCWquejnfiEJmtVEFs root@ubuntu-xenial
[   57.105667] cloud-init[945]: The key's randomart image is:
[   57.106173] cloud-init[945]: +--[ED25519 256]--+
[[0;32m  OK  [0m] Started OpenBSD Secure Shell server.
[   57.106330] cloud-init[945]: |   ..E .o. o+    |
[   57.284973] cloud-init[945]: |   .o ...o.o     |
[   57.285912] cloud-init[945]: |   o. .+o.o.     |
[   57.286025] cloud-init[945]: |  + .o  ++o.     |
[   57.286143] cloud-init[945]: | o .+. .S.+.     |
[   57.286279] cloud-init[945]: |.. . +.  o oo    |
[   57.286432] cloud-init[945]: |+.o . . . ++     |
[   57.286532] cloud-init[945]: |+*o. . ...+      |
[   57.286633] cloud-init[945]: |===.  . .o .     |
[   57.286817] cloud-init[945]: +----[SHA256]-----+
[[0;32m  OK  [0m] Started Permit User Sessions.
[   57.299993] cloud-init[1137]: Generating locales (this might take a while)...
[   57.472608] [cloud-init[0;32m  OK  [0m[1137]: ]   en_US.UTF-8... doneStarted Authenticate and Authorize Users to Run Privileged Tasks.

[   57.473172] cloud-init[1137]: Generation complete.
[[0;32m  OK  [0m] Started Accounts Service.
[[0;32m  OK  [0m] Started LSB: Set the CPU Frequency Scaling governor to "ondemand".
[[0;32m  OK  [0m] Started LSB: automatic crash report generation.
[[0;32m  OK  [0m] Started LSB: daemon to balance interrupts for SMP systems.
         Stopping OpenBSD Secure Shell server...
         Starting Terminate Plymouth Boot Screen...
         Starting Hold until boot process finishes up...
[[0;32m  OK  [0m] Started LSB: VirtualBox Linux Additions.
[[0;32m  OK  [0m] Stopped OpenBSD Secure Shell server.
[[0;32m  OK  [0m] Started Terminate Plymouth Boot Screen.
[[0;32m  OK  [0m] Started Hold until boot process finishes up.
         Starting Set console scheme...
[[0;32m  OK  [0m] Started Getty on tty1.
[[0;32m  OK  [0m] Started Serial Getty on ttyS0.
[[0;32m  OK  [0m] Reached target Login Prompts.
         Starting OpenBSD Secure Shell server...
[[0;32m  OK  [0m] Started OpenBSD Secure Shell server.
[[0;32m  OK  [0m] Started Set console scheme.
[[0;32m  OK  [0m] Reached target Multi-User System.
[[0;32m  OK  [0m] Reached target Graphical Interface.
         Starting Update UTMP about System Runlevel Changes...
[[0;32m  OK  [0m] Started Update UTMP about System Runlevel Changes.
[[0;32m  OK  [0m] Created slice User Slice of ubuntu.
         Starting User Manager for UID 1000...
[[0;32m  OK  [0m] Started Session 1 of user ubuntu.
[[0;32m  OK  [0m] Started User Manager for UID 1000.
[   59.022614] cloud-init[1137]: Cloud-init v. 0.7.9 running 'modules:config' at Fri, 04 Aug 2017 04:44:40 +0000. Up 55.47 seconds.
[[0;32m  OK  [0m] Started Apply the settings specified in cloud-config.
         Starting Execute cloud user/final scripts...
ci-info: no authorized ssh keys fingerprints found for user ubuntu.
<14>Aug  4 04:44:44 ec2: 
<14>Aug  4 04:44:44 ec2: #############################################################
<14>Aug  4 04:44:44 ec2: -----BEGIN SSH HOST KEY FINGERPRINTS-----
<14>Aug  4 04:44:44 ec2: 1024 SHA256:IavuHxOIH31uRc91i/whfWDy2mbUXRT5svAvqnZ/cTI root@ubuntu-xenial (DSA)
<14>Aug  4 04:44:44 ec2: 256 SHA256:3f/eMHNwru2cSDcsFW1UaxfZtUjyIH4FQdyqTCcQU7o root@ubuntu-xenial (ECDSA)
<14>Aug  4 04:44:44 ec2: 256 SHA256:B4Hfb5ojW5moBBvVn1RECr1CriCWquejnfiEJmtVEFs root@ubuntu-xenial (ED25519)
<14>Aug  4 04:44:44 ec2: 2048 SHA256:M7IkrP507ym/ycAZsPnjyi9Szu12qkUmdGGipHtIaSc root@ubuntu-xenial (RSA)
<14>Aug  4 04:44:44 ec2: -----END SSH HOST KEY FINGERPRINTS-----
<14>Aug  4 04:44:44 ec2: #############################################################
-----BEGIN SSH HOST KEY KEYS-----
ecdsa-sha2-nistp256 AAAAE2VjZHNhLXNoYTItbmlzdHAyNTYAAAAIbmlzdHAyNTYAAABBBNVOukNFKjEnFBjYNffpO0T1hv16R0FG/jOLCbMGH8rCFVYlfw7EAEXw7NaNvd9NxLWjg0k/zNefE/8ytK/xRnk= root@ubuntu-xenial
ssh-ed25519 AAAAC3NzaC1lZDI1NTE5AAAAIKKEthNkRTf+y2ccbwPqaNlxkxPcDuyoA8e44qn11bWq root@ubuntu-xenial
ssh-rsa AAAAB3NzaC1yc2EAAAADAQABAAABAQDHlfEAJRN15UwG0Q4PrFGXqn/hcImq0F3zTAxlDhngb9HTawsd9pjc3WlUZUTtj7paOYC6ZN4fwx9FAcjwQAokmuM7QRmh0ibf1XfFUxzk8SVXNNldWT2si4q/EA6Xg1xyMPWi39C2fuq1Wzp0PD2wDSGitFn9QH3oDa/hBzd+YLVucczI45nXibGQ6jt0i4bUtsbrgqYiMCwIjtlEWwbg1Wf5qkxkOEXfH90H1kol+W8UeT6YeihJY5d55EZAfPVQabJNYKmiqSmONRtrme6Yn5JhBB0K2VSNiEgT3BluDG7kZuuj5V0P55yHIDCKpX1BsXOxTps1QDK+xmUUyMD5 root@ubuntu-xenial
-----END SSH HOST KEY KEYS-----
[   60.761376] cloud-init[1375]: Cloud-init v. 0.7.9 running 'modules:final' at Fri, 04 Aug 2017 04:44:44 +0000. Up 59.58 seconds.
[   60.838126] cloud-init[1375]: ci-info: no authorized ssh keys fingerprints found for user ubuntu.
[   60.904487] cloud-init[1375]: Cloud-init v. 0.7.9 finished at Fri, 04 Aug 2017 04:44:45 +0000. Datasource DataSourceNoCloud [seed=/dev/sdb][dsmode=net].  Up 60.74 seconds
[[0;32m  OK  [0m] Started Execute cloud user/final scripts.
[[0;32m  OK  [0m] Reached target Cloud-init target.

Ubuntu 16.04.3 LTS ubuntu-xenial ttyS0

ubuntu-xenial login: 